CRITICAL - 2020-12-19 06:21:21 --> Maximum execution time of 30 seconds exceeded
#0 [internal function]: CodeIgniter\Debug\Exceptions->shutdownHandler()
#1 {main}
CRITICAL - 2020-12-19 06:42:29 --> syntax error, unexpected '{'
#0 C:\AppServ\www\web-innomedic_v1\vendor\codeigniter4\framework\system\Router\Router.php(195): CodeIgniter\Router\Router->autoRoute('Inicio/cantidad...')
#1 C:\AppServ\www\web-innomedic_v1\vendor\codeigniter4\framework\system\CodeIgniter.php(793): CodeIgniter\Router\Router->handle('Inicio/cantidad...')
#2 C:\AppServ\www\web-innomedic_v1\vendor\codeigniter4\framework\system\CodeIgniter.php(364): CodeIgniter\CodeIgniter->tryToRouteIt(Object(CodeIgniter\Router\RouteCollection))
#3 C:\AppServ\www\web-innomedic_v1\vendor\codeigniter4\framework\system\CodeIgniter.php(312): CodeIgniter\CodeIgniter->handleRequest(NULL, Object(Config\Cache), false)
#4 C:\AppServ\www\web-innomedic_v1\index.php(45): CodeIgniter\CodeIgniter->run()
#5 {main}
CRITICAL - 2020-12-19 06:42:32 --> syntax error, unexpected '{'
#0 C:\AppServ\www\web-innomedic_v1\vendor\codeigniter4\framework\system\Router\Router.php(195): CodeIgniter\Router\Router->autoRoute('Inicio/cantidad...')
#1 C:\AppServ\www\web-innomedic_v1\vendor\codeigniter4\framework\system\CodeIgniter.php(793): CodeIgniter\Router\Router->handle('Inicio/cantidad...')
#2 C:\AppServ\www\web-innomedic_v1\vendor\codeigniter4\framework\system\CodeIgniter.php(364): CodeIgniter\CodeIgniter->tryToRouteIt(Object(CodeIgniter\Router\RouteCollection))
#3 C:\AppServ\www\web-innomedic_v1\vendor\codeigniter4\framework\system\CodeIgniter.php(312): CodeIgniter\CodeIgniter->handleRequest(NULL, Object(Config\Cache), false)
#4 C:\AppServ\www\web-innomedic_v1\index.php(45): CodeIgniter\CodeIgniter->run()
#5 {main}
CRITICAL - 2020-12-19 06:42:35 --> syntax error, unexpected '{'
#0 C:\AppServ\www\web-innomedic_v1\vendor\codeigniter4\framework\system\Router\Router.php(195): CodeIgniter\Router\Router->autoRoute('Inicio/cantidad...')
#1 C:\AppServ\www\web-innomedic_v1\vendor\codeigniter4\framework\system\CodeIgniter.php(793): CodeIgniter\Router\Router->handle('Inicio/cantidad...')
#2 C:\AppServ\www\web-innomedic_v1\vendor\codeigniter4\framework\system\CodeIgniter.php(364): CodeIgniter\CodeIgniter->tryToRouteIt(Object(CodeIgniter\Router\RouteCollection))
#3 C:\AppServ\www\web-innomedic_v1\vendor\codeigniter4\framework\system\CodeIgniter.php(312): CodeIgniter\CodeIgniter->handleRequest(NULL, Object(Config\Cache), false)
#4 C:\AppServ\www\web-innomedic_v1\index.php(45): CodeIgniter\CodeIgniter->run()
#5 {main}
CRITICAL - 2020-12-19 06:42:38 --> syntax error, unexpected '{'
#0 C:\AppServ\www\web-innomedic_v1\vendor\codeigniter4\framework\system\Router\Router.php(195): CodeIgniter\Router\Router->autoRoute('Inicio/cantidad...')
#1 C:\AppServ\www\web-innomedic_v1\vendor\codeigniter4\framework\system\CodeIgniter.php(793): CodeIgniter\Router\Router->handle('Inicio/cantidad...')
#2 C:\AppServ\www\web-innomedic_v1\vendor\codeigniter4\framework\system\CodeIgniter.php(364): CodeIgniter\CodeIgniter->tryToRouteIt(Object(CodeIgniter\Router\RouteCollection))
#3 C:\AppServ\www\web-innomedic_v1\vendor\codeigniter4\framework\system\CodeIgniter.php(312): CodeIgniter\CodeIgniter->handleRequest(NULL, Object(Config\Cache), false)
#4 C:\AppServ\www\web-innomedic_v1\index.php(45): CodeIgniter\CodeIgniter->run()
#5 {main}
CRITICAL - 2020-12-19 06:42:41 --> syntax error, unexpected '{'
#0 C:\AppServ\www\web-innomedic_v1\vendor\codeigniter4\framework\system\Router\Router.php(195): CodeIgniter\Router\Router->autoRoute('Inicio/cantidad...')
#1 C:\AppServ\www\web-innomedic_v1\vendor\codeigniter4\framework\system\CodeIgniter.php(793): CodeIgniter\Router\Router->handle('Inicio/cantidad...')
#2 C:\AppServ\www\web-innomedic_v1\vendor\codeigniter4\framework\system\CodeIgniter.php(364): CodeIgniter\CodeIgniter->tryToRouteIt(Object(CodeIgniter\Router\RouteCollection))
#3 C:\AppServ\www\web-innomedic_v1\vendor\codeigniter4\framework\system\CodeIgniter.php(312): CodeIgniter\CodeIgniter->handleRequest(NULL, Object(Config\Cache), false)
#4 C:\AppServ\www\web-innomedic_v1\index.php(45): CodeIgniter\CodeIgniter->run()
#5 {main}
CRITICAL - 2020-12-19 06:42:44 --> syntax error, unexpected '{'
#0 C:\AppServ\www\web-innomedic_v1\vendor\codeigniter4\framework\system\Router\Router.php(195): CodeIgniter\Router\Router->autoRoute('Inicio/cantidad...')
#1 C:\AppServ\www\web-innomedic_v1\vendor\codeigniter4\framework\system\CodeIgniter.php(793): CodeIgniter\Router\Router->handle('Inicio/cantidad...')
#2 C:\AppServ\www\web-innomedic_v1\vendor\codeigniter4\framework\system\CodeIgniter.php(364): CodeIgniter\CodeIgniter->tryToRouteIt(Object(CodeIgniter\Router\RouteCollection))
#3 C:\AppServ\www\web-innomedic_v1\vendor\codeigniter4\framework\system\CodeIgniter.php(312): CodeIgniter\CodeIgniter->handleRequest(NULL, Object(Config\Cache), false)
#4 C:\AppServ\www\web-innomedic_v1\index.php(45): CodeIgniter\CodeIgniter->run()
#5 {main}
CRITICAL - 2020-12-19 06:50:45 --> Undefined variable: nombre_paquete
#0 C:\AppServ\www\web-innomedic_v1\app\Controllers\Inicio.php(648): CodeIgniter\Debug\Exceptions->errorHandler(8, 'Undefined varia...', 'C:\\AppServ\\www\\...', 648, Array)
#1 C:\AppServ\www\web-innomedic_v1\vendor\codeigniter4\framework\system\CodeIgniter.php(918): App\Controllers\Inicio->enviar_correo()
#2 C:\AppServ\www\web-innomedic_v1\vendor\codeigniter4\framework\system\CodeIgniter.php(404): CodeIgniter\CodeIgniter->runController(Object(App\Controllers\Inicio))
#3 C:\AppServ\www\web-innomedic_v1\vendor\codeigniter4\framework\system\CodeIgniter.php(312): CodeIgniter\CodeIgniter->handleRequest(NULL, Object(Config\Cache), false)
#4 C:\AppServ\www\web-innomedic_v1\index.php(45): CodeIgniter\CodeIgniter->run()
#5 {main}
CRITICAL - 2020-12-19 07:29:52 --> Maximum execution time of 30 seconds exceeded
#0 [internal function]: CodeIgniter\Debug\Exceptions->shutdownHandler()
#1 {main}
CRITICAL - 2020-12-19 11:06:46 --> Unable to connect to the database.
#0 C:\AppServ\www\web-innomedic_v1\vendor\codeigniter4\framework\system\Database\BaseConnection.php(646): CodeIgniter\Database\BaseConnection->initialize()
#1 C:\AppServ\www\web-innomedic_v1\app\Controllers\Inicio.php(46): CodeIgniter\Database\BaseConnection->query('select *,count(...')
#2 C:\AppServ\www\web-innomedic_v1\vendor\codeigniter4\framework\system\CodeIgniter.php(918): App\Controllers\Inicio->cantidad_registro()
#3 C:\AppServ\www\web-innomedic_v1\vendor\codeigniter4\framework\system\CodeIgniter.php(404): CodeIgniter\CodeIgniter->runController(Object(App\Controllers\Inicio))
#4 C:\AppServ\www\web-innomedic_v1\vendor\codeigniter4\framework\system\CodeIgniter.php(312): CodeIgniter\CodeIgniter->handleRequest(NULL, Object(Config\Cache), false)
#5 C:\AppServ\www\web-innomedic_v1\index.php(45): CodeIgniter\CodeIgniter->run()
#6 {main}
CRITICAL - 2020-12-19 11:06:49 --> Unable to connect to the database.
#0 C:\AppServ\www\web-innomedic_v1\vendor\codeigniter4\framework\system\Database\BaseConnection.php(646): CodeIgniter\Database\BaseConnection->initialize()
#1 C:\AppServ\www\web-innomedic_v1\app\Controllers\Inicio.php(46): CodeIgniter\Database\BaseConnection->query('select *,count(...')
#2 C:\AppServ\www\web-innomedic_v1\vendor\codeigniter4\framework\system\CodeIgniter.php(918): App\Controllers\Inicio->cantidad_registro()
#3 C:\AppServ\www\web-innomedic_v1\vendor\codeigniter4\framework\system\CodeIgniter.php(404): CodeIgniter\CodeIgniter->runController(Object(App\Controllers\Inicio))
#4 C:\AppServ\www\web-innomedic_v1\vendor\codeigniter4\framework\system\CodeIgniter.php(312): CodeIgniter\CodeIgniter->handleRequest(NULL, Object(Config\Cache), false)
#5 C:\AppServ\www\web-innomedic_v1\index.php(45): CodeIgniter\CodeIgniter->run()
#6 {main}
CRITICAL - 2020-12-19 11:06:52 --> Unable to connect to the database.
#0 C:\AppServ\www\web-innomedic_v1\vendor\codeigniter4\framework\system\Database\BaseConnection.php(646): CodeIgniter\Database\BaseConnection->initialize()
#1 C:\AppServ\www\web-innomedic_v1\app\Models\InicioModel.php(20): CodeIgniter\Database\BaseConnection->query('select * from t...')
#2 C:\AppServ\www\web-innomedic_v1\app\Controllers\Inicio.php(20): App\Models\InicioModel->lisatemploye()
#3 C:\AppServ\www\web-innomedic_v1\vendor\codeigniter4\framework\system\CodeIgniter.php(918): App\Controllers\Inicio->index()
#4 C:\AppServ\www\web-innomedic_v1\vendor\codeigniter4\framework\system\CodeIgniter.php(404): CodeIgniter\CodeIgniter->runController(Object(App\Controllers\Inicio))
#5 C:\AppServ\www\web-innomedic_v1\vendor\codeigniter4\framework\system\CodeIgniter.php(312): CodeIgniter\CodeIgniter->handleRequest(NULL, Object(Config\Cache), false)
#6 C:\AppServ\www\web-innomedic_v1\index.php(45): CodeIgniter\CodeIgniter->run()
#7 {main}
CRITICAL - 2020-12-19 11:06:52 --> Uncaught ErrorException: print_r(): Property access is not allowed yet in C:\AppServ\www\web-innomedic_v1\app\Views\errors\html\error_exception.php:100
Stack trace:
#0 [internal function]: CodeIgniter\Debug\Exceptions->errorHandler(2, 'print_r(): Prop...', 'C:\\AppServ\\www\\...', 100, Array)
#1 C:\AppServ\www\web-innomedic_v1\app\Views\errors\html\error_exception.php(100): print_r(Object(App\Controllers\Inicio), true)
#2 C:\AppServ\www\web-innomedic_v1\vendor\codeigniter4\framework\system\Debug\Exceptions.php(308): include('C:\\AppServ\\www\\...')
#3 C:\AppServ\www\web-innomedic_v1\vendor\codeigniter4\framework\system\Debug\Exceptions.php(174): CodeIgniter\Debug\Exceptions->render(Object(CodeIgniter\Database\Exceptions\DatabaseException), 500)
#4 [internal function]: CodeIgniter\Debug\Exceptions->exceptionHandler(Object(CodeIgniter\Database\Exceptions\DatabaseException))
#5 {main}
  thrown
#0 [internal function]: CodeIgniter\Debug\Exceptions->shutdownHandler()
#1 {main}
CRITICAL - 2020-12-19 14:43:44 --> Invalid file: email/header.php
#0 C:\AppServ\www\web-innomedic_v1\vendor\codeigniter4\framework\system\View\View.php(228): CodeIgniter\Exceptions\FrameworkException::forInvalidFile('email/header.ph...')
#1 C:\AppServ\www\web-innomedic_v1\vendor\codeigniter4\framework\system\Common.php(1119): CodeIgniter\View\View->render('email/header', Array, true)
#2 C:\AppServ\www\web-innomedic_v1\app\Controllers\Inicio.php(351): view('email/header')
#3 C:\AppServ\www\web-innomedic_v1\vendor\codeigniter4\framework\system\CodeIgniter.php(918): App\Controllers\Inicio->enviar_datos_mailer_phone()
#4 C:\AppServ\www\web-innomedic_v1\vendor\codeigniter4\framework\system\CodeIgniter.php(404): CodeIgniter\CodeIgniter->runController(Object(App\Controllers\Inicio))
#5 C:\AppServ\www\web-innomedic_v1\vendor\codeigniter4\framework\system\CodeIgniter.php(312): CodeIgniter\CodeIgniter->handleRequest(NULL, Object(Config\Cache), false)
#6 C:\AppServ\www\web-innomedic_v1\index.php(45): CodeIgniter\CodeIgniter->run()
#7 {main}
