CRITICAL - 2020-11-20 11:32:42 --> Call to a member function getResult() on null
#0 C:\AppServ\www\web-innomedic_v1\vendor\codeigniter4\framework\system\View\View.php(246): include()
#1 C:\AppServ\www\web-innomedic_v1\vendor\codeigniter4\framework\system\Common.php(1119): CodeIgniter\View\View->render('body/index', Array, true)
#2 C:\AppServ\www\web-innomedic_v1\app\Controllers\Inicio.php(36): view('body/index', Array)
#3 C:\AppServ\www\web-innomedic_v1\vendor\codeigniter4\framework\system\CodeIgniter.php(918): App\Controllers\Inicio->index()
#4 C:\AppServ\www\web-innomedic_v1\vendor\codeigniter4\framework\system\CodeIgniter.php(404): CodeIgniter\CodeIgniter->runController(Object(App\Controllers\Inicio))
#5 C:\AppServ\www\web-innomedic_v1\vendor\codeigniter4\framework\system\CodeIgniter.php(312): CodeIgniter\CodeIgniter->handleRequest(NULL, Object(Config\Cache), false)
#6 C:\AppServ\www\web-innomedic_v1\index.php(45): CodeIgniter\CodeIgniter->run()
#7 {main}
CRITICAL - 2020-11-20 11:34:02 --> Call to a member function getResult() on null
#0 C:\AppServ\www\web-innomedic_v1\vendor\codeigniter4\framework\system\View\View.php(246): include()
#1 C:\AppServ\www\web-innomedic_v1\vendor\codeigniter4\framework\system\Common.php(1119): CodeIgniter\View\View->render('body/index', Array, true)
#2 C:\AppServ\www\web-innomedic_v1\app\Controllers\Inicio.php(36): view('body/index', Array)
#3 C:\AppServ\www\web-innomedic_v1\vendor\codeigniter4\framework\system\CodeIgniter.php(918): App\Controllers\Inicio->index()
#4 C:\AppServ\www\web-innomedic_v1\vendor\codeigniter4\framework\system\CodeIgniter.php(404): CodeIgniter\CodeIgniter->runController(Object(App\Controllers\Inicio))
#5 C:\AppServ\www\web-innomedic_v1\vendor\codeigniter4\framework\system\CodeIgniter.php(312): CodeIgniter\CodeIgniter->handleRequest(NULL, Object(Config\Cache), false)
#6 C:\AppServ\www\web-innomedic_v1\index.php(45): CodeIgniter\CodeIgniter->run()
#7 {main}
CRITICAL - 2020-11-20 11:34:03 --> Call to a member function getResult() on null
#0 C:\AppServ\www\web-innomedic_v1\vendor\codeigniter4\framework\system\View\View.php(246): include()
#1 C:\AppServ\www\web-innomedic_v1\vendor\codeigniter4\framework\system\Common.php(1119): CodeIgniter\View\View->render('body/index', Array, true)
#2 C:\AppServ\www\web-innomedic_v1\app\Controllers\Inicio.php(36): view('body/index', Array)
#3 C:\AppServ\www\web-innomedic_v1\vendor\codeigniter4\framework\system\CodeIgniter.php(918): App\Controllers\Inicio->index()
#4 C:\AppServ\www\web-innomedic_v1\vendor\codeigniter4\framework\system\CodeIgniter.php(404): CodeIgniter\CodeIgniter->runController(Object(App\Controllers\Inicio))
#5 C:\AppServ\www\web-innomedic_v1\vendor\codeigniter4\framework\system\CodeIgniter.php(312): CodeIgniter\CodeIgniter->handleRequest(NULL, Object(Config\Cache), false)
#6 C:\AppServ\www\web-innomedic_v1\index.php(45): CodeIgniter\CodeIgniter->run()
#7 {main}
CRITICAL - 2020-11-20 11:34:46 --> Call to a member function getResult() on null
#0 C:\AppServ\www\web-innomedic_v1\vendor\codeigniter4\framework\system\View\View.php(246): include()
#1 C:\AppServ\www\web-innomedic_v1\vendor\codeigniter4\framework\system\Common.php(1119): CodeIgniter\View\View->render('body/index', Array, true)
#2 C:\AppServ\www\web-innomedic_v1\app\Controllers\Inicio.php(36): view('body/index', Array)
#3 C:\AppServ\www\web-innomedic_v1\vendor\codeigniter4\framework\system\CodeIgniter.php(918): App\Controllers\Inicio->index()
#4 C:\AppServ\www\web-innomedic_v1\vendor\codeigniter4\framework\system\CodeIgniter.php(404): CodeIgniter\CodeIgniter->runController(Object(App\Controllers\Inicio))
#5 C:\AppServ\www\web-innomedic_v1\vendor\codeigniter4\framework\system\CodeIgniter.php(312): CodeIgniter\CodeIgniter->handleRequest(NULL, Object(Config\Cache), false)
#6 C:\AppServ\www\web-innomedic_v1\index.php(45): CodeIgniter\CodeIgniter->run()
#7 {main}
CRITICAL - 2020-11-20 11:34:47 --> Call to a member function getResult() on null
#0 C:\AppServ\www\web-innomedic_v1\vendor\codeigniter4\framework\system\View\View.php(246): include()
#1 C:\AppServ\www\web-innomedic_v1\vendor\codeigniter4\framework\system\Common.php(1119): CodeIgniter\View\View->render('body/index', Array, true)
#2 C:\AppServ\www\web-innomedic_v1\app\Controllers\Inicio.php(36): view('body/index', Array)
#3 C:\AppServ\www\web-innomedic_v1\vendor\codeigniter4\framework\system\CodeIgniter.php(918): App\Controllers\Inicio->index()
#4 C:\AppServ\www\web-innomedic_v1\vendor\codeigniter4\framework\system\CodeIgniter.php(404): CodeIgniter\CodeIgniter->runController(Object(App\Controllers\Inicio))
#5 C:\AppServ\www\web-innomedic_v1\vendor\codeigniter4\framework\system\CodeIgniter.php(312): CodeIgniter\CodeIgniter->handleRequest(NULL, Object(Config\Cache), false)
#6 C:\AppServ\www\web-innomedic_v1\index.php(45): CodeIgniter\CodeIgniter->run()
#7 {main}
CRITICAL - 2020-11-20 11:34:47 --> Call to a member function getResult() on null
#0 C:\AppServ\www\web-innomedic_v1\vendor\codeigniter4\framework\system\View\View.php(246): include()
#1 C:\AppServ\www\web-innomedic_v1\vendor\codeigniter4\framework\system\Common.php(1119): CodeIgniter\View\View->render('body/index', Array, true)
#2 C:\AppServ\www\web-innomedic_v1\app\Controllers\Inicio.php(36): view('body/index', Array)
#3 C:\AppServ\www\web-innomedic_v1\vendor\codeigniter4\framework\system\CodeIgniter.php(918): App\Controllers\Inicio->index()
#4 C:\AppServ\www\web-innomedic_v1\vendor\codeigniter4\framework\system\CodeIgniter.php(404): CodeIgniter\CodeIgniter->runController(Object(App\Controllers\Inicio))
#5 C:\AppServ\www\web-innomedic_v1\vendor\codeigniter4\framework\system\CodeIgniter.php(312): CodeIgniter\CodeIgniter->handleRequest(NULL, Object(Config\Cache), false)
#6 C:\AppServ\www\web-innomedic_v1\index.php(45): CodeIgniter\CodeIgniter->run()
#7 {main}
CRITICAL - 2020-11-20 11:34:47 --> Call to a member function getResult() on null
#0 C:\AppServ\www\web-innomedic_v1\vendor\codeigniter4\framework\system\View\View.php(246): include()
#1 C:\AppServ\www\web-innomedic_v1\vendor\codeigniter4\framework\system\Common.php(1119): CodeIgniter\View\View->render('body/index', Array, true)
#2 C:\AppServ\www\web-innomedic_v1\app\Controllers\Inicio.php(36): view('body/index', Array)
#3 C:\AppServ\www\web-innomedic_v1\vendor\codeigniter4\framework\system\CodeIgniter.php(918): App\Controllers\Inicio->index()
#4 C:\AppServ\www\web-innomedic_v1\vendor\codeigniter4\framework\system\CodeIgniter.php(404): CodeIgniter\CodeIgniter->runController(Object(App\Controllers\Inicio))
#5 C:\AppServ\www\web-innomedic_v1\vendor\codeigniter4\framework\system\CodeIgniter.php(312): CodeIgniter\CodeIgniter->handleRequest(NULL, Object(Config\Cache), false)
#6 C:\AppServ\www\web-innomedic_v1\index.php(45): CodeIgniter\CodeIgniter->run()
#7 {main}
CRITICAL - 2020-11-20 11:34:48 --> Call to a member function getResult() on null
#0 C:\AppServ\www\web-innomedic_v1\vendor\codeigniter4\framework\system\View\View.php(246): include()
#1 C:\AppServ\www\web-innomedic_v1\vendor\codeigniter4\framework\system\Common.php(1119): CodeIgniter\View\View->render('body/index', Array, true)
#2 C:\AppServ\www\web-innomedic_v1\app\Controllers\Inicio.php(36): view('body/index', Array)
#3 C:\AppServ\www\web-innomedic_v1\vendor\codeigniter4\framework\system\CodeIgniter.php(918): App\Controllers\Inicio->index()
#4 C:\AppServ\www\web-innomedic_v1\vendor\codeigniter4\framework\system\CodeIgniter.php(404): CodeIgniter\CodeIgniter->runController(Object(App\Controllers\Inicio))
#5 C:\AppServ\www\web-innomedic_v1\vendor\codeigniter4\framework\system\CodeIgniter.php(312): CodeIgniter\CodeIgniter->handleRequest(NULL, Object(Config\Cache), false)
#6 C:\AppServ\www\web-innomedic_v1\index.php(45): CodeIgniter\CodeIgniter->run()
#7 {main}
CRITICAL - 2020-11-20 11:34:48 --> Call to a member function getResult() on null
#0 C:\AppServ\www\web-innomedic_v1\vendor\codeigniter4\framework\system\View\View.php(246): include()
#1 C:\AppServ\www\web-innomedic_v1\vendor\codeigniter4\framework\system\Common.php(1119): CodeIgniter\View\View->render('body/index', Array, true)
#2 C:\AppServ\www\web-innomedic_v1\app\Controllers\Inicio.php(36): view('body/index', Array)
#3 C:\AppServ\www\web-innomedic_v1\vendor\codeigniter4\framework\system\CodeIgniter.php(918): App\Controllers\Inicio->index()
#4 C:\AppServ\www\web-innomedic_v1\vendor\codeigniter4\framework\system\CodeIgniter.php(404): CodeIgniter\CodeIgniter->runController(Object(App\Controllers\Inicio))
#5 C:\AppServ\www\web-innomedic_v1\vendor\codeigniter4\framework\system\CodeIgniter.php(312): CodeIgniter\CodeIgniter->handleRequest(NULL, Object(Config\Cache), false)
#6 C:\AppServ\www\web-innomedic_v1\index.php(45): CodeIgniter\CodeIgniter->run()
#7 {main}
CRITICAL - 2020-11-20 11:35:45 --> Call to a member function getResult() on null
#0 C:\AppServ\www\web-innomedic_v1\vendor\codeigniter4\framework\system\View\View.php(246): include()
#1 C:\AppServ\www\web-innomedic_v1\vendor\codeigniter4\framework\system\Common.php(1119): CodeIgniter\View\View->render('body/index', Array, true)
#2 C:\AppServ\www\web-innomedic_v1\app\Controllers\Inicio.php(36): view('body/index', Array)
#3 C:\AppServ\www\web-innomedic_v1\vendor\codeigniter4\framework\system\CodeIgniter.php(918): App\Controllers\Inicio->index()
#4 C:\AppServ\www\web-innomedic_v1\vendor\codeigniter4\framework\system\CodeIgniter.php(404): CodeIgniter\CodeIgniter->runController(Object(App\Controllers\Inicio))
#5 C:\AppServ\www\web-innomedic_v1\vendor\codeigniter4\framework\system\CodeIgniter.php(312): CodeIgniter\CodeIgniter->handleRequest(NULL, Object(Config\Cache), false)
#6 C:\AppServ\www\web-innomedic_v1\index.php(45): CodeIgniter\CodeIgniter->run()
#7 {main}
CRITICAL - 2020-11-20 11:35:46 --> Call to a member function getResult() on null
#0 C:\AppServ\www\web-innomedic_v1\vendor\codeigniter4\framework\system\View\View.php(246): include()
#1 C:\AppServ\www\web-innomedic_v1\vendor\codeigniter4\framework\system\Common.php(1119): CodeIgniter\View\View->render('body/index', Array, true)
#2 C:\AppServ\www\web-innomedic_v1\app\Controllers\Inicio.php(36): view('body/index', Array)
#3 C:\AppServ\www\web-innomedic_v1\vendor\codeigniter4\framework\system\CodeIgniter.php(918): App\Controllers\Inicio->index()
#4 C:\AppServ\www\web-innomedic_v1\vendor\codeigniter4\framework\system\CodeIgniter.php(404): CodeIgniter\CodeIgniter->runController(Object(App\Controllers\Inicio))
#5 C:\AppServ\www\web-innomedic_v1\vendor\codeigniter4\framework\system\CodeIgniter.php(312): CodeIgniter\CodeIgniter->handleRequest(NULL, Object(Config\Cache), false)
#6 C:\AppServ\www\web-innomedic_v1\index.php(45): CodeIgniter\CodeIgniter->run()
#7 {main}
CRITICAL - 2020-11-20 11:35:48 --> Call to a member function getResult() on null
#0 C:\AppServ\www\web-innomedic_v1\vendor\codeigniter4\framework\system\View\View.php(246): include()
#1 C:\AppServ\www\web-innomedic_v1\vendor\codeigniter4\framework\system\Common.php(1119): CodeIgniter\View\View->render('body/index', Array, true)
#2 C:\AppServ\www\web-innomedic_v1\app\Controllers\Inicio.php(36): view('body/index', Array)
#3 C:\AppServ\www\web-innomedic_v1\vendor\codeigniter4\framework\system\CodeIgniter.php(918): App\Controllers\Inicio->index()
#4 C:\AppServ\www\web-innomedic_v1\vendor\codeigniter4\framework\system\CodeIgniter.php(404): CodeIgniter\CodeIgniter->runController(Object(App\Controllers\Inicio))
#5 C:\AppServ\www\web-innomedic_v1\vendor\codeigniter4\framework\system\CodeIgniter.php(312): CodeIgniter\CodeIgniter->handleRequest(NULL, Object(Config\Cache), false)
#6 C:\AppServ\www\web-innomedic_v1\index.php(45): CodeIgniter\CodeIgniter->run()
#7 {main}
CRITICAL - 2020-11-20 11:36:34 --> Undefined variable: paquetes
#0 C:\AppServ\www\web-innomedic_v1\app\Views\body\index.php(267): CodeIgniter\Debug\Exceptions->errorHandler(8, 'Undefined varia...', 'C:\\AppServ\\www\\...', 267, Array)
#1 C:\AppServ\www\web-innomedic_v1\vendor\codeigniter4\framework\system\View\View.php(246): include('C:\\AppServ\\www\\...')
#2 C:\AppServ\www\web-innomedic_v1\vendor\codeigniter4\framework\system\Common.php(1119): CodeIgniter\View\View->render('body/index', Array, true)
#3 C:\AppServ\www\web-innomedic_v1\app\Controllers\Inicio.php(36): view('body/index', Array)
#4 C:\AppServ\www\web-innomedic_v1\vendor\codeigniter4\framework\system\CodeIgniter.php(918): App\Controllers\Inicio->index()
#5 C:\AppServ\www\web-innomedic_v1\vendor\codeigniter4\framework\system\CodeIgniter.php(404): CodeIgniter\CodeIgniter->runController(Object(App\Controllers\Inicio))
#6 C:\AppServ\www\web-innomedic_v1\vendor\codeigniter4\framework\system\CodeIgniter.php(312): CodeIgniter\CodeIgniter->handleRequest(NULL, Object(Config\Cache), false)
#7 C:\AppServ\www\web-innomedic_v1\index.php(45): CodeIgniter\CodeIgniter->run()
#8 {main}
CRITICAL - 2020-11-20 14:29:30 --> Object of class App\Models\InicioModel could not be converted to string
#0 C:\AppServ\www\web-innomedic_v1\app\Controllers\Inicio.php(581): CodeIgniter\Debug\Exceptions->errorHandler(4096, 'Object of class...', 'C:\\AppServ\\www\\...', 581, Array)
#1 C:\AppServ\www\web-innomedic_v1\vendor\codeigniter4\framework\system\CodeIgniter.php(918): App\Controllers\Inicio->recoger_informacion()
#2 C:\AppServ\www\web-innomedic_v1\vendor\codeigniter4\framework\system\CodeIgniter.php(404): CodeIgniter\CodeIgniter->runController(Object(App\Controllers\Inicio))
#3 C:\AppServ\www\web-innomedic_v1\vendor\codeigniter4\framework\system\CodeIgniter.php(312): CodeIgniter\CodeIgniter->handleRequest(NULL, Object(Config\Cache), false)
#4 C:\AppServ\www\web-innomedic_v1\index.php(45): CodeIgniter\CodeIgniter->run()
#5 {main}
CRITICAL - 2020-11-20 14:29:58 --> Object of class App\Models\InicioModel could not be converted to string
#0 C:\AppServ\www\web-innomedic_v1\app\Controllers\Inicio.php(581): CodeIgniter\Debug\Exceptions->errorHandler(4096, 'Object of class...', 'C:\\AppServ\\www\\...', 581, Array)
#1 C:\AppServ\www\web-innomedic_v1\vendor\codeigniter4\framework\system\CodeIgniter.php(918): App\Controllers\Inicio->recoger_informacion()
#2 C:\AppServ\www\web-innomedic_v1\vendor\codeigniter4\framework\system\CodeIgniter.php(404): CodeIgniter\CodeIgniter->runController(Object(App\Controllers\Inicio))
#3 C:\AppServ\www\web-innomedic_v1\vendor\codeigniter4\framework\system\CodeIgniter.php(312): CodeIgniter\CodeIgniter->handleRequest(NULL, Object(Config\Cache), false)
#4 C:\AppServ\www\web-innomedic_v1\index.php(45): CodeIgniter\CodeIgniter->run()
#5 {main}
CRITICAL - 2020-11-20 14:30:35 --> Undefined variable: id
#0 C:\AppServ\www\web-innomedic_v1\app\Controllers\Inicio.php(581): CodeIgniter\Debug\Exceptions->errorHandler(8, 'Undefined varia...', 'C:\\AppServ\\www\\...', 581, Array)
#1 C:\AppServ\www\web-innomedic_v1\vendor\codeigniter4\framework\system\CodeIgniter.php(918): App\Controllers\Inicio->recoger_informacion()
#2 C:\AppServ\www\web-innomedic_v1\vendor\codeigniter4\framework\system\CodeIgniter.php(404): CodeIgniter\CodeIgniter->runController(Object(App\Controllers\Inicio))
#3 C:\AppServ\www\web-innomedic_v1\vendor\codeigniter4\framework\system\CodeIgniter.php(312): CodeIgniter\CodeIgniter->handleRequest(NULL, Object(Config\Cache), false)
#4 C:\AppServ\www\web-innomedic_v1\index.php(45): CodeIgniter\CodeIgniter->run()
#5 {main}
CRITICAL - 2020-11-20 14:30:37 --> Undefined variable: id
#0 C:\AppServ\www\web-innomedic_v1\app\Controllers\Inicio.php(581): CodeIgniter\Debug\Exceptions->errorHandler(8, 'Undefined varia...', 'C:\\AppServ\\www\\...', 581, Array)
#1 C:\AppServ\www\web-innomedic_v1\vendor\codeigniter4\framework\system\CodeIgniter.php(918): App\Controllers\Inicio->recoger_informacion()
#2 C:\AppServ\www\web-innomedic_v1\vendor\codeigniter4\framework\system\CodeIgniter.php(404): CodeIgniter\CodeIgniter->runController(Object(App\Controllers\Inicio))
#3 C:\AppServ\www\web-innomedic_v1\vendor\codeigniter4\framework\system\CodeIgniter.php(312): CodeIgniter\CodeIgniter->handleRequest(NULL, Object(Config\Cache), false)
#4 C:\AppServ\www\web-innomedic_v1\index.php(45): CodeIgniter\CodeIgniter->run()
#5 {main}
CRITICAL - 2020-11-20 14:31:35 --> Undefined variable: id
#0 C:\AppServ\www\web-innomedic_v1\app\Controllers\Inicio.php(581): CodeIgniter\Debug\Exceptions->errorHandler(8, 'Undefined varia...', 'C:\\AppServ\\www\\...', 581, Array)
#1 C:\AppServ\www\web-innomedic_v1\vendor\codeigniter4\framework\system\CodeIgniter.php(918): App\Controllers\Inicio->recoger_informacion()
#2 C:\AppServ\www\web-innomedic_v1\vendor\codeigniter4\framework\system\CodeIgniter.php(404): CodeIgniter\CodeIgniter->runController(Object(App\Controllers\Inicio))
#3 C:\AppServ\www\web-innomedic_v1\vendor\codeigniter4\framework\system\CodeIgniter.php(312): CodeIgniter\CodeIgniter->handleRequest(NULL, Object(Config\Cache), false)
#4 C:\AppServ\www\web-innomedic_v1\index.php(45): CodeIgniter\CodeIgniter->run()
#5 {main}
CRITICAL - 2020-11-20 14:32:24 --> Object of class App\Models\InicioModel could not be converted to string
#0 C:\AppServ\www\web-innomedic_v1\app\Controllers\Inicio.php(581): CodeIgniter\Debug\Exceptions->errorHandler(4096, 'Object of class...', 'C:\\AppServ\\www\\...', 581, Array)
#1 C:\AppServ\www\web-innomedic_v1\vendor\codeigniter4\framework\system\CodeIgniter.php(918): App\Controllers\Inicio->recoger_informacion()
#2 C:\AppServ\www\web-innomedic_v1\vendor\codeigniter4\framework\system\CodeIgniter.php(404): CodeIgniter\CodeIgniter->runController(Object(App\Controllers\Inicio))
#3 C:\AppServ\www\web-innomedic_v1\vendor\codeigniter4\framework\system\CodeIgniter.php(312): CodeIgniter\CodeIgniter->handleRequest(NULL, Object(Config\Cache), false)
#4 C:\AppServ\www\web-innomedic_v1\index.php(45): CodeIgniter\CodeIgniter->run()
#5 {main}
CRITICAL - 2020-11-20 14:33:25 --> Object of class App\Models\InicioModel could not be converted to string
#0 C:\AppServ\www\web-innomedic_v1\app\Controllers\Inicio.php(581): CodeIgniter\Debug\Exceptions->errorHandler(4096, 'Object of class...', 'C:\\AppServ\\www\\...', 581, Array)
#1 C:\AppServ\www\web-innomedic_v1\vendor\codeigniter4\framework\system\CodeIgniter.php(918): App\Controllers\Inicio->recoger_informacion()
#2 C:\AppServ\www\web-innomedic_v1\vendor\codeigniter4\framework\system\CodeIgniter.php(404): CodeIgniter\CodeIgniter->runController(Object(App\Controllers\Inicio))
#3 C:\AppServ\www\web-innomedic_v1\vendor\codeigniter4\framework\system\CodeIgniter.php(312): CodeIgniter\CodeIgniter->handleRequest(NULL, Object(Config\Cache), false)
#4 C:\AppServ\www\web-innomedic_v1\index.php(45): CodeIgniter\CodeIgniter->run()
#5 {main}
CRITICAL - 2020-11-20 14:34:35 --> Object of class App\Models\InicioModel could not be converted to string
#0 C:\AppServ\www\web-innomedic_v1\app\Controllers\Inicio.php(581): CodeIgniter\Debug\Exceptions->errorHandler(4096, 'Object of class...', 'C:\\AppServ\\www\\...', 581, Array)
#1 C:\AppServ\www\web-innomedic_v1\vendor\codeigniter4\framework\system\CodeIgniter.php(918): App\Controllers\Inicio->recoger_informacion()
#2 C:\AppServ\www\web-innomedic_v1\vendor\codeigniter4\framework\system\CodeIgniter.php(404): CodeIgniter\CodeIgniter->runController(Object(App\Controllers\Inicio))
#3 C:\AppServ\www\web-innomedic_v1\vendor\codeigniter4\framework\system\CodeIgniter.php(312): CodeIgniter\CodeIgniter->handleRequest(NULL, Object(Config\Cache), false)
#4 C:\AppServ\www\web-innomedic_v1\index.php(45): CodeIgniter\CodeIgniter->run()
#5 {main}
CRITICAL - 2020-11-20 14:35:15 --> Object of class App\Models\InicioModel could not be converted to string
#0 C:\AppServ\www\web-innomedic_v1\app\Controllers\Inicio.php(581): CodeIgniter\Debug\Exceptions->errorHandler(4096, 'Object of class...', 'C:\\AppServ\\www\\...', 581, Array)
#1 C:\AppServ\www\web-innomedic_v1\vendor\codeigniter4\framework\system\CodeIgniter.php(918): App\Controllers\Inicio->recoger_informacion()
#2 C:\AppServ\www\web-innomedic_v1\vendor\codeigniter4\framework\system\CodeIgniter.php(404): CodeIgniter\CodeIgniter->runController(Object(App\Controllers\Inicio))
#3 C:\AppServ\www\web-innomedic_v1\vendor\codeigniter4\framework\system\CodeIgniter.php(312): CodeIgniter\CodeIgniter->handleRequest(NULL, Object(Config\Cache), false)
#4 C:\AppServ\www\web-innomedic_v1\index.php(45): CodeIgniter\CodeIgniter->run()
#5 {main}
CRITICAL - 2020-11-20 14:35:32 --> Object of class App\Models\InicioModel could not be converted to string
#0 C:\AppServ\www\web-innomedic_v1\app\Controllers\Inicio.php(581): CodeIgniter\Debug\Exceptions->errorHandler(4096, 'Object of class...', 'C:\\AppServ\\www\\...', 581, Array)
#1 C:\AppServ\www\web-innomedic_v1\vendor\codeigniter4\framework\system\CodeIgniter.php(918): App\Controllers\Inicio->recoger_informacion()
#2 C:\AppServ\www\web-innomedic_v1\vendor\codeigniter4\framework\system\CodeIgniter.php(404): CodeIgniter\CodeIgniter->runController(Object(App\Controllers\Inicio))
#3 C:\AppServ\www\web-innomedic_v1\vendor\codeigniter4\framework\system\CodeIgniter.php(312): CodeIgniter\CodeIgniter->handleRequest(NULL, Object(Config\Cache), false)
#4 C:\AppServ\www\web-innomedic_v1\index.php(45): CodeIgniter\CodeIgniter->run()
#5 {main}
CRITICAL - 2020-11-20 14:35:38 --> Object of class App\Models\InicioModel could not be converted to string
#0 C:\AppServ\www\web-innomedic_v1\app\Controllers\Inicio.php(581): CodeIgniter\Debug\Exceptions->errorHandler(4096, 'Object of class...', 'C:\\AppServ\\www\\...', 581, Array)
#1 C:\AppServ\www\web-innomedic_v1\vendor\codeigniter4\framework\system\CodeIgniter.php(918): App\Controllers\Inicio->recoger_informacion()
#2 C:\AppServ\www\web-innomedic_v1\vendor\codeigniter4\framework\system\CodeIgniter.php(404): CodeIgniter\CodeIgniter->runController(Object(App\Controllers\Inicio))
#3 C:\AppServ\www\web-innomedic_v1\vendor\codeigniter4\framework\system\CodeIgniter.php(312): CodeIgniter\CodeIgniter->handleRequest(NULL, Object(Config\Cache), false)
#4 C:\AppServ\www\web-innomedic_v1\index.php(45): CodeIgniter\CodeIgniter->run()
#5 {main}
CRITICAL - 2020-11-20 14:36:54 --> Object of class App\Models\InicioModel could not be converted to string
#0 C:\AppServ\www\web-innomedic_v1\app\Controllers\Inicio.php(581): CodeIgniter\Debug\Exceptions->errorHandler(4096, 'Object of class...', 'C:\\AppServ\\www\\...', 581, Array)
#1 C:\AppServ\www\web-innomedic_v1\vendor\codeigniter4\framework\system\CodeIgniter.php(918): App\Controllers\Inicio->recoger_informacion()
#2 C:\AppServ\www\web-innomedic_v1\vendor\codeigniter4\framework\system\CodeIgniter.php(404): CodeIgniter\CodeIgniter->runController(Object(App\Controllers\Inicio))
#3 C:\AppServ\www\web-innomedic_v1\vendor\codeigniter4\framework\system\CodeIgniter.php(312): CodeIgniter\CodeIgniter->handleRequest(NULL, Object(Config\Cache), false)
#4 C:\AppServ\www\web-innomedic_v1\index.php(45): CodeIgniter\CodeIgniter->run()
#5 {main}
CRITICAL - 2020-11-20 14:36:54 --> Object of class App\Models\InicioModel could not be converted to string
#0 C:\AppServ\www\web-innomedic_v1\app\Controllers\Inicio.php(581): CodeIgniter\Debug\Exceptions->errorHandler(4096, 'Object of class...', 'C:\\AppServ\\www\\...', 581, Array)
#1 C:\AppServ\www\web-innomedic_v1\vendor\codeigniter4\framework\system\CodeIgniter.php(918): App\Controllers\Inicio->recoger_informacion()
#2 C:\AppServ\www\web-innomedic_v1\vendor\codeigniter4\framework\system\CodeIgniter.php(404): CodeIgniter\CodeIgniter->runController(Object(App\Controllers\Inicio))
#3 C:\AppServ\www\web-innomedic_v1\vendor\codeigniter4\framework\system\CodeIgniter.php(312): CodeIgniter\CodeIgniter->handleRequest(NULL, Object(Config\Cache), false)
#4 C:\AppServ\www\web-innomedic_v1\index.php(45): CodeIgniter\CodeIgniter->run()
#5 {main}
CRITICAL - 2020-11-20 15:59:14 --> Undefined property: App\Controllers\Inicio::$input
#0 C:\AppServ\www\web-innomedic_v1\app\Controllers\Inicio.php(598): CodeIgniter\Debug\Exceptions->errorHandler(8, 'Undefined prope...', 'C:\\AppServ\\www\\...', 598, Array)
#1 C:\AppServ\www\web-innomedic_v1\vendor\codeigniter4\framework\system\CodeIgniter.php(918): App\Controllers\Inicio->enviar_correo()
#2 C:\AppServ\www\web-innomedic_v1\vendor\codeigniter4\framework\system\CodeIgniter.php(404): CodeIgniter\CodeIgniter->runController(Object(App\Controllers\Inicio))
#3 C:\AppServ\www\web-innomedic_v1\vendor\codeigniter4\framework\system\CodeIgniter.php(312): CodeIgniter\CodeIgniter->handleRequest(NULL, Object(Config\Cache), false)
#4 C:\AppServ\www\web-innomedic_v1\index.php(45): CodeIgniter\CodeIgniter->run()
#5 {main}
CRITICAL - 2020-11-20 15:59:22 --> Undefined property: App\Controllers\Inicio::$input
#0 C:\AppServ\www\web-innomedic_v1\app\Controllers\Inicio.php(598): CodeIgniter\Debug\Exceptions->errorHandler(8, 'Undefined prope...', 'C:\\AppServ\\www\\...', 598, Array)
#1 C:\AppServ\www\web-innomedic_v1\vendor\codeigniter4\framework\system\CodeIgniter.php(918): App\Controllers\Inicio->enviar_correo()
#2 C:\AppServ\www\web-innomedic_v1\vendor\codeigniter4\framework\system\CodeIgniter.php(404): CodeIgniter\CodeIgniter->runController(Object(App\Controllers\Inicio))
#3 C:\AppServ\www\web-innomedic_v1\vendor\codeigniter4\framework\system\CodeIgniter.php(312): CodeIgniter\CodeIgniter->handleRequest(NULL, Object(Config\Cache), false)
#4 C:\AppServ\www\web-innomedic_v1\index.php(45): CodeIgniter\CodeIgniter->run()
#5 {main}
CRITICAL - 2020-11-20 16:00:45 --> Call to undefined method CodeIgniter\HTTP\IncomingRequest::is_ajax_request()
#0 C:\AppServ\www\web-innomedic_v1\vendor\codeigniter4\framework\system\CodeIgniter.php(918): App\Controllers\Inicio->enviar_correo()
#1 C:\AppServ\www\web-innomedic_v1\vendor\codeigniter4\framework\system\CodeIgniter.php(404): CodeIgniter\CodeIgniter->runController(Object(App\Controllers\Inicio))
#2 C:\AppServ\www\web-innomedic_v1\vendor\codeigniter4\framework\system\CodeIgniter.php(312): CodeIgniter\CodeIgniter->handleRequest(NULL, Object(Config\Cache), false)
#3 C:\AppServ\www\web-innomedic_v1\index.php(45): CodeIgniter\CodeIgniter->run()
#4 {main}
CRITICAL - 2020-11-20 16:00:58 --> Call to undefined method CodeIgniter\HTTP\IncomingRequest::is_ajax_request()
#0 C:\AppServ\www\web-innomedic_v1\vendor\codeigniter4\framework\system\CodeIgniter.php(918): App\Controllers\Inicio->enviar_correo()
#1 C:\AppServ\www\web-innomedic_v1\vendor\codeigniter4\framework\system\CodeIgniter.php(404): CodeIgniter\CodeIgniter->runController(Object(App\Controllers\Inicio))
#2 C:\AppServ\www\web-innomedic_v1\vendor\codeigniter4\framework\system\CodeIgniter.php(312): CodeIgniter\CodeIgniter->handleRequest(NULL, Object(Config\Cache), false)
#3 C:\AppServ\www\web-innomedic_v1\index.php(45): CodeIgniter\CodeIgniter->run()
#4 {main}
CRITICAL - 2020-11-20 16:01:47 --> Call to undefined method CodeIgniter\HTTP\IncomingRequest::is_ajax_request()
#0 C:\AppServ\www\web-innomedic_v1\vendor\codeigniter4\framework\system\CodeIgniter.php(918): App\Controllers\Inicio->enviar_correo()
#1 C:\AppServ\www\web-innomedic_v1\vendor\codeigniter4\framework\system\CodeIgniter.php(404): CodeIgniter\CodeIgniter->runController(Object(App\Controllers\Inicio))
#2 C:\AppServ\www\web-innomedic_v1\vendor\codeigniter4\framework\system\CodeIgniter.php(312): CodeIgniter\CodeIgniter->handleRequest(NULL, Object(Config\Cache), false)
#3 C:\AppServ\www\web-innomedic_v1\index.php(45): CodeIgniter\CodeIgniter->run()
#4 {main}
CRITICAL - 2020-11-20 16:03:15 --> Undefined variable: empresa
#0 C:\AppServ\www\web-innomedic_v1\app\Controllers\Inicio.php(658): CodeIgniter\Debug\Exceptions->errorHandler(8, 'Undefined varia...', 'C:\\AppServ\\www\\...', 658, Array)
#1 C:\AppServ\www\web-innomedic_v1\vendor\codeigniter4\framework\system\CodeIgniter.php(918): App\Controllers\Inicio->enviar_correo()
#2 C:\AppServ\www\web-innomedic_v1\vendor\codeigniter4\framework\system\CodeIgniter.php(404): CodeIgniter\CodeIgniter->runController(Object(App\Controllers\Inicio))
#3 C:\AppServ\www\web-innomedic_v1\vendor\codeigniter4\framework\system\CodeIgniter.php(312): CodeIgniter\CodeIgniter->handleRequest(NULL, Object(Config\Cache), false)
#4 C:\AppServ\www\web-innomedic_v1\index.php(45): CodeIgniter\CodeIgniter->run()
#5 {main}
CRITICAL - 2020-11-20 16:03:39 --> Undefined variable: empresa
#0 C:\AppServ\www\web-innomedic_v1\app\Controllers\Inicio.php(658): CodeIgniter\Debug\Exceptions->errorHandler(8, 'Undefined varia...', 'C:\\AppServ\\www\\...', 658, Array)
#1 C:\AppServ\www\web-innomedic_v1\vendor\codeigniter4\framework\system\CodeIgniter.php(918): App\Controllers\Inicio->enviar_correo()
#2 C:\AppServ\www\web-innomedic_v1\vendor\codeigniter4\framework\system\CodeIgniter.php(404): CodeIgniter\CodeIgniter->runController(Object(App\Controllers\Inicio))
#3 C:\AppServ\www\web-innomedic_v1\vendor\codeigniter4\framework\system\CodeIgniter.php(312): CodeIgniter\CodeIgniter->handleRequest(NULL, Object(Config\Cache), false)
#4 C:\AppServ\www\web-innomedic_v1\index.php(45): CodeIgniter\CodeIgniter->run()
#5 {main}
CRITICAL - 2020-11-20 16:49:47 --> Undefined property: App\Controllers\Inicio::$output
#0 C:\AppServ\www\web-innomedic_v1\app\Controllers\Inicio.php(718): CodeIgniter\Debug\Exceptions->errorHandler(8, 'Undefined prope...', 'C:\\AppServ\\www\\...', 718, Array)
#1 C:\AppServ\www\web-innomedic_v1\vendor\codeigniter4\framework\system\CodeIgniter.php(918): App\Controllers\Inicio->enviar_correo()
#2 C:\AppServ\www\web-innomedic_v1\vendor\codeigniter4\framework\system\CodeIgniter.php(404): CodeIgniter\CodeIgniter->runController(Object(App\Controllers\Inicio))
#3 C:\AppServ\www\web-innomedic_v1\vendor\codeigniter4\framework\system\CodeIgniter.php(312): CodeIgniter\CodeIgniter->handleRequest(NULL, Object(Config\Cache), false)
#4 C:\AppServ\www\web-innomedic_v1\index.php(45): CodeIgniter\CodeIgniter->run()
#5 {main}
CRITICAL - 2020-11-20 16:49:57 --> Undefined property: App\Controllers\Inicio::$output
#0 C:\AppServ\www\web-innomedic_v1\app\Controllers\Inicio.php(718): CodeIgniter\Debug\Exceptions->errorHandler(8, 'Undefined prope...', 'C:\\AppServ\\www\\...', 718, Array)
#1 C:\AppServ\www\web-innomedic_v1\vendor\codeigniter4\framework\system\CodeIgniter.php(918): App\Controllers\Inicio->enviar_correo()
#2 C:\AppServ\www\web-innomedic_v1\vendor\codeigniter4\framework\system\CodeIgniter.php(404): CodeIgniter\CodeIgniter->runController(Object(App\Controllers\Inicio))
#3 C:\AppServ\www\web-innomedic_v1\vendor\codeigniter4\framework\system\CodeIgniter.php(312): CodeIgniter\CodeIgniter->handleRequest(NULL, Object(Config\Cache), false)
#4 C:\AppServ\www\web-innomedic_v1\index.php(45): CodeIgniter\CodeIgniter->run()
#5 {main}
