CRITICAL - 2020-12-14 15:10:32 --> Unable to connect to the database.
#0 C:\AppServ\www\web-innomedic_v1\vendor\codeigniter4\framework\system\Database\BaseConnection.php(646): CodeIgniter\Database\BaseConnection->initialize()
#1 C:\AppServ\www\web-innomedic_v1\app\Controllers\Inicio.php(44): CodeIgniter\Database\BaseConnection->query('select *,count(...')
#2 C:\AppServ\www\web-innomedic_v1\vendor\codeigniter4\framework\system\CodeIgniter.php(918): App\Controllers\Inicio->cantidad_registro()
#3 C:\AppServ\www\web-innomedic_v1\vendor\codeigniter4\framework\system\CodeIgniter.php(404): CodeIgniter\CodeIgniter->runController(Object(App\Controllers\Inicio))
#4 C:\AppServ\www\web-innomedic_v1\vendor\codeigniter4\framework\system\CodeIgniter.php(312): CodeIgniter\CodeIgniter->handleRequest(NULL, Object(Config\Cache), false)
#5 C:\AppServ\www\web-innomedic_v1\index.php(45): CodeIgniter\CodeIgniter->run()
#6 {main}
CRITICAL - 2020-12-14 15:10:35 --> Unable to connect to the database.
#0 C:\AppServ\www\web-innomedic_v1\vendor\codeigniter4\framework\system\Database\BaseConnection.php(646): CodeIgniter\Database\BaseConnection->initialize()
#1 C:\AppServ\www\web-innomedic_v1\app\Controllers\Inicio.php(44): CodeIgniter\Database\BaseConnection->query('select *,count(...')
#2 C:\AppServ\www\web-innomedic_v1\vendor\codeigniter4\framework\system\CodeIgniter.php(918): App\Controllers\Inicio->cantidad_registro()
#3 C:\AppServ\www\web-innomedic_v1\vendor\codeigniter4\framework\system\CodeIgniter.php(404): CodeIgniter\CodeIgniter->runController(Object(App\Controllers\Inicio))
#4 C:\AppServ\www\web-innomedic_v1\vendor\codeigniter4\framework\system\CodeIgniter.php(312): CodeIgniter\CodeIgniter->handleRequest(NULL, Object(Config\Cache), false)
#5 C:\AppServ\www\web-innomedic_v1\index.php(45): CodeIgniter\CodeIgniter->run()
#6 {main}
CRITICAL - 2020-12-14 15:10:38 --> Unable to connect to the database.
#0 C:\AppServ\www\web-innomedic_v1\vendor\codeigniter4\framework\system\Database\BaseConnection.php(646): CodeIgniter\Database\BaseConnection->initialize()
#1 C:\AppServ\www\web-innomedic_v1\app\Controllers\Inicio.php(44): CodeIgniter\Database\BaseConnection->query('select *,count(...')
#2 C:\AppServ\www\web-innomedic_v1\vendor\codeigniter4\framework\system\CodeIgniter.php(918): App\Controllers\Inicio->cantidad_registro()
#3 C:\AppServ\www\web-innomedic_v1\vendor\codeigniter4\framework\system\CodeIgniter.php(404): CodeIgniter\CodeIgniter->runController(Object(App\Controllers\Inicio))
#4 C:\AppServ\www\web-innomedic_v1\vendor\codeigniter4\framework\system\CodeIgniter.php(312): CodeIgniter\CodeIgniter->handleRequest(NULL, Object(Config\Cache), false)
#5 C:\AppServ\www\web-innomedic_v1\index.php(45): CodeIgniter\CodeIgniter->run()
#6 {main}
CRITICAL - 2020-12-14 15:10:41 --> Unable to connect to the database.
#0 C:\AppServ\www\web-innomedic_v1\vendor\codeigniter4\framework\system\Database\BaseConnection.php(646): CodeIgniter\Database\BaseConnection->initialize()
#1 C:\AppServ\www\web-innomedic_v1\app\Controllers\Inicio.php(44): CodeIgniter\Database\BaseConnection->query('select *,count(...')
#2 C:\AppServ\www\web-innomedic_v1\vendor\codeigniter4\framework\system\CodeIgniter.php(918): App\Controllers\Inicio->cantidad_registro()
#3 C:\AppServ\www\web-innomedic_v1\vendor\codeigniter4\framework\system\CodeIgniter.php(404): CodeIgniter\CodeIgniter->runController(Object(App\Controllers\Inicio))
#4 C:\AppServ\www\web-innomedic_v1\vendor\codeigniter4\framework\system\CodeIgniter.php(312): CodeIgniter\CodeIgniter->handleRequest(NULL, Object(Config\Cache), false)
#5 C:\AppServ\www\web-innomedic_v1\index.php(45): CodeIgniter\CodeIgniter->run()
#6 {main}
CRITICAL - 2020-12-14 15:10:44 --> Unable to connect to the database.
#0 C:\AppServ\www\web-innomedic_v1\vendor\codeigniter4\framework\system\Database\BaseConnection.php(646): CodeIgniter\Database\BaseConnection->initialize()
#1 C:\AppServ\www\web-innomedic_v1\app\Controllers\Inicio.php(44): CodeIgniter\Database\BaseConnection->query('select *,count(...')
#2 C:\AppServ\www\web-innomedic_v1\vendor\codeigniter4\framework\system\CodeIgniter.php(918): App\Controllers\Inicio->cantidad_registro()
#3 C:\AppServ\www\web-innomedic_v1\vendor\codeigniter4\framework\system\CodeIgniter.php(404): CodeIgniter\CodeIgniter->runController(Object(App\Controllers\Inicio))
#4 C:\AppServ\www\web-innomedic_v1\vendor\codeigniter4\framework\system\CodeIgniter.php(312): CodeIgniter\CodeIgniter->handleRequest(NULL, Object(Config\Cache), false)
#5 C:\AppServ\www\web-innomedic_v1\index.php(45): CodeIgniter\CodeIgniter->run()
#6 {main}
CRITICAL - 2020-12-14 15:10:47 --> Unable to connect to the database.
#0 C:\AppServ\www\web-innomedic_v1\vendor\codeigniter4\framework\system\Database\BaseConnection.php(646): CodeIgniter\Database\BaseConnection->initialize()
#1 C:\AppServ\www\web-innomedic_v1\app\Controllers\Inicio.php(44): CodeIgniter\Database\BaseConnection->query('select *,count(...')
#2 C:\AppServ\www\web-innomedic_v1\vendor\codeigniter4\framework\system\CodeIgniter.php(918): App\Controllers\Inicio->cantidad_registro()
#3 C:\AppServ\www\web-innomedic_v1\vendor\codeigniter4\framework\system\CodeIgniter.php(404): CodeIgniter\CodeIgniter->runController(Object(App\Controllers\Inicio))
#4 C:\AppServ\www\web-innomedic_v1\vendor\codeigniter4\framework\system\CodeIgniter.php(312): CodeIgniter\CodeIgniter->handleRequest(NULL, Object(Config\Cache), false)
#5 C:\AppServ\www\web-innomedic_v1\index.php(45): CodeIgniter\CodeIgniter->run()
#6 {main}
CRITICAL - 2020-12-14 15:10:50 --> Unable to connect to the database.
#0 C:\AppServ\www\web-innomedic_v1\vendor\codeigniter4\framework\system\Database\BaseConnection.php(646): CodeIgniter\Database\BaseConnection->initialize()
#1 C:\AppServ\www\web-innomedic_v1\app\Controllers\Inicio.php(44): CodeIgniter\Database\BaseConnection->query('select *,count(...')
#2 C:\AppServ\www\web-innomedic_v1\vendor\codeigniter4\framework\system\CodeIgniter.php(918): App\Controllers\Inicio->cantidad_registro()
#3 C:\AppServ\www\web-innomedic_v1\vendor\codeigniter4\framework\system\CodeIgniter.php(404): CodeIgniter\CodeIgniter->runController(Object(App\Controllers\Inicio))
#4 C:\AppServ\www\web-innomedic_v1\vendor\codeigniter4\framework\system\CodeIgniter.php(312): CodeIgniter\CodeIgniter->handleRequest(NULL, Object(Config\Cache), false)
#5 C:\AppServ\www\web-innomedic_v1\index.php(45): CodeIgniter\CodeIgniter->run()
#6 {main}
CRITICAL - 2020-12-14 15:10:53 --> Unable to connect to the database.
#0 C:\AppServ\www\web-innomedic_v1\vendor\codeigniter4\framework\system\Database\BaseConnection.php(646): CodeIgniter\Database\BaseConnection->initialize()
#1 C:\AppServ\www\web-innomedic_v1\app\Controllers\Inicio.php(44): CodeIgniter\Database\BaseConnection->query('select *,count(...')
#2 C:\AppServ\www\web-innomedic_v1\vendor\codeigniter4\framework\system\CodeIgniter.php(918): App\Controllers\Inicio->cantidad_registro()
#3 C:\AppServ\www\web-innomedic_v1\vendor\codeigniter4\framework\system\CodeIgniter.php(404): CodeIgniter\CodeIgniter->runController(Object(App\Controllers\Inicio))
#4 C:\AppServ\www\web-innomedic_v1\vendor\codeigniter4\framework\system\CodeIgniter.php(312): CodeIgniter\CodeIgniter->handleRequest(NULL, Object(Config\Cache), false)
#5 C:\AppServ\www\web-innomedic_v1\index.php(45): CodeIgniter\CodeIgniter->run()
#6 {main}
CRITICAL - 2020-12-14 15:10:57 --> Unable to connect to the database.
#0 C:\AppServ\www\web-innomedic_v1\vendor\codeigniter4\framework\system\Database\BaseConnection.php(646): CodeIgniter\Database\BaseConnection->initialize()
#1 C:\AppServ\www\web-innomedic_v1\app\Controllers\Inicio.php(44): CodeIgniter\Database\BaseConnection->query('select *,count(...')
#2 C:\AppServ\www\web-innomedic_v1\vendor\codeigniter4\framework\system\CodeIgniter.php(918): App\Controllers\Inicio->cantidad_registro()
#3 C:\AppServ\www\web-innomedic_v1\vendor\codeigniter4\framework\system\CodeIgniter.php(404): CodeIgniter\CodeIgniter->runController(Object(App\Controllers\Inicio))
#4 C:\AppServ\www\web-innomedic_v1\vendor\codeigniter4\framework\system\CodeIgniter.php(312): CodeIgniter\CodeIgniter->handleRequest(NULL, Object(Config\Cache), false)
#5 C:\AppServ\www\web-innomedic_v1\index.php(45): CodeIgniter\CodeIgniter->run()
#6 {main}
CRITICAL - 2020-12-14 15:11:00 --> Unable to connect to the database.
#0 C:\AppServ\www\web-innomedic_v1\vendor\codeigniter4\framework\system\Database\BaseConnection.php(646): CodeIgniter\Database\BaseConnection->initialize()
#1 C:\AppServ\www\web-innomedic_v1\app\Controllers\Inicio.php(44): CodeIgniter\Database\BaseConnection->query('select *,count(...')
#2 C:\AppServ\www\web-innomedic_v1\vendor\codeigniter4\framework\system\CodeIgniter.php(918): App\Controllers\Inicio->cantidad_registro()
#3 C:\AppServ\www\web-innomedic_v1\vendor\codeigniter4\framework\system\CodeIgniter.php(404): CodeIgniter\CodeIgniter->runController(Object(App\Controllers\Inicio))
#4 C:\AppServ\www\web-innomedic_v1\vendor\codeigniter4\framework\system\CodeIgniter.php(312): CodeIgniter\CodeIgniter->handleRequest(NULL, Object(Config\Cache), false)
#5 C:\AppServ\www\web-innomedic_v1\index.php(45): CodeIgniter\CodeIgniter->run()
#6 {main}
CRITICAL - 2020-12-14 15:11:03 --> Unable to connect to the database.
#0 C:\AppServ\www\web-innomedic_v1\vendor\codeigniter4\framework\system\Database\BaseConnection.php(646): CodeIgniter\Database\BaseConnection->initialize()
#1 C:\AppServ\www\web-innomedic_v1\app\Controllers\Inicio.php(44): CodeIgniter\Database\BaseConnection->query('select *,count(...')
#2 C:\AppServ\www\web-innomedic_v1\vendor\codeigniter4\framework\system\CodeIgniter.php(918): App\Controllers\Inicio->cantidad_registro()
#3 C:\AppServ\www\web-innomedic_v1\vendor\codeigniter4\framework\system\CodeIgniter.php(404): CodeIgniter\CodeIgniter->runController(Object(App\Controllers\Inicio))
#4 C:\AppServ\www\web-innomedic_v1\vendor\codeigniter4\framework\system\CodeIgniter.php(312): CodeIgniter\CodeIgniter->handleRequest(NULL, Object(Config\Cache), false)
#5 C:\AppServ\www\web-innomedic_v1\index.php(45): CodeIgniter\CodeIgniter->run()
#6 {main}
CRITICAL - 2020-12-14 15:11:06 --> Unable to connect to the database.
#0 C:\AppServ\www\web-innomedic_v1\vendor\codeigniter4\framework\system\Database\BaseConnection.php(646): CodeIgniter\Database\BaseConnection->initialize()
#1 C:\AppServ\www\web-innomedic_v1\app\Models\InicioModel.php(16): CodeIgniter\Database\BaseConnection->query('select * from t...')
#2 C:\AppServ\www\web-innomedic_v1\app\Controllers\Inicio.php(22): App\Models\InicioModel->lisatemploye()
#3 C:\AppServ\www\web-innomedic_v1\vendor\codeigniter4\framework\system\CodeIgniter.php(918): App\Controllers\Inicio->index()
#4 C:\AppServ\www\web-innomedic_v1\vendor\codeigniter4\framework\system\CodeIgniter.php(404): CodeIgniter\CodeIgniter->runController(Object(App\Controllers\Inicio))
#5 C:\AppServ\www\web-innomedic_v1\vendor\codeigniter4\framework\system\CodeIgniter.php(312): CodeIgniter\CodeIgniter->handleRequest(NULL, Object(Config\Cache), false)
#6 C:\AppServ\www\web-innomedic_v1\index.php(45): CodeIgniter\CodeIgniter->run()
#7 {main}
CRITICAL - 2020-12-14 15:11:06 --> Uncaught ErrorException: print_r(): Property access is not allowed yet in C:\AppServ\www\web-innomedic_v1\app\Views\errors\html\error_exception.php:100
Stack trace:
#0 [internal function]: CodeIgniter\Debug\Exceptions->errorHandler(2, 'print_r(): Prop...', 'C:\\AppServ\\www\\...', 100, Array)
#1 C:\AppServ\www\web-innomedic_v1\app\Views\errors\html\error_exception.php(100): print_r(Object(App\Controllers\Inicio), true)
#2 C:\AppServ\www\web-innomedic_v1\vendor\codeigniter4\framework\system\Debug\Exceptions.php(308): include('C:\\AppServ\\www\\...')
#3 C:\AppServ\www\web-innomedic_v1\vendor\codeigniter4\framework\system\Debug\Exceptions.php(174): CodeIgniter\Debug\Exceptions->render(Object(CodeIgniter\Database\Exceptions\DatabaseException), 500)
#4 [internal function]: CodeIgniter\Debug\Exceptions->exceptionHandler(Object(CodeIgniter\Database\Exceptions\DatabaseException))
#5 {main}
  thrown
#0 [internal function]: CodeIgniter\Debug\Exceptions->shutdownHandler()
#1 {main}
CRITICAL - 2020-12-14 15:11:06 --> Unable to connect to the database.
#0 C:\AppServ\www\web-innomedic_v1\vendor\codeigniter4\framework\system\Database\BaseConnection.php(646): CodeIgniter\Database\BaseConnection->initialize()
#1 C:\AppServ\www\web-innomedic_v1\app\Controllers\Inicio.php(44): CodeIgniter\Database\BaseConnection->query('select *,count(...')
#2 C:\AppServ\www\web-innomedic_v1\vendor\codeigniter4\framework\system\CodeIgniter.php(918): App\Controllers\Inicio->cantidad_registro()
#3 C:\AppServ\www\web-innomedic_v1\vendor\codeigniter4\framework\system\CodeIgniter.php(404): CodeIgniter\CodeIgniter->runController(Object(App\Controllers\Inicio))
#4 C:\AppServ\www\web-innomedic_v1\vendor\codeigniter4\framework\system\CodeIgniter.php(312): CodeIgniter\CodeIgniter->handleRequest(NULL, Object(Config\Cache), false)
#5 C:\AppServ\www\web-innomedic_v1\index.php(45): CodeIgniter\CodeIgniter->run()
#6 {main}
CRITICAL - 2020-12-14 15:11:10 --> Unable to connect to the database.
#0 C:\AppServ\www\web-innomedic_v1\vendor\codeigniter4\framework\system\Database\BaseConnection.php(646): CodeIgniter\Database\BaseConnection->initialize()
#1 C:\AppServ\www\web-innomedic_v1\app\Models\InicioModel.php(16): CodeIgniter\Database\BaseConnection->query('select * from t...')
#2 C:\AppServ\www\web-innomedic_v1\app\Controllers\Inicio.php(22): App\Models\InicioModel->lisatemploye()
#3 C:\AppServ\www\web-innomedic_v1\vendor\codeigniter4\framework\system\CodeIgniter.php(918): App\Controllers\Inicio->index()
#4 C:\AppServ\www\web-innomedic_v1\vendor\codeigniter4\framework\system\CodeIgniter.php(404): CodeIgniter\CodeIgniter->runController(Object(App\Controllers\Inicio))
#5 C:\AppServ\www\web-innomedic_v1\vendor\codeigniter4\framework\system\CodeIgniter.php(312): CodeIgniter\CodeIgniter->handleRequest(NULL, Object(Config\Cache), false)
#6 C:\AppServ\www\web-innomedic_v1\index.php(45): CodeIgniter\CodeIgniter->run()
#7 {main}
CRITICAL - 2020-12-14 15:11:10 --> Uncaught ErrorException: print_r(): Property access is not allowed yet in C:\AppServ\www\web-innomedic_v1\app\Views\errors\html\error_exception.php:100
Stack trace:
#0 [internal function]: CodeIgniter\Debug\Exceptions->errorHandler(2, 'print_r(): Prop...', 'C:\\AppServ\\www\\...', 100, Array)
#1 C:\AppServ\www\web-innomedic_v1\app\Views\errors\html\error_exception.php(100): print_r(Object(App\Controllers\Inicio), true)
#2 C:\AppServ\www\web-innomedic_v1\vendor\codeigniter4\framework\system\Debug\Exceptions.php(308): include('C:\\AppServ\\www\\...')
#3 C:\AppServ\www\web-innomedic_v1\vendor\codeigniter4\framework\system\Debug\Exceptions.php(174): CodeIgniter\Debug\Exceptions->render(Object(CodeIgniter\Database\Exceptions\DatabaseException), 500)
#4 [internal function]: CodeIgniter\Debug\Exceptions->exceptionHandler(Object(CodeIgniter\Database\Exceptions\DatabaseException))
#5 {main}
  thrown
#0 [internal function]: CodeIgniter\Debug\Exceptions->shutdownHandler()
#1 {main}
CRITICAL - 2020-12-14 15:12:50 --> Unable to connect to the database.
#0 C:\AppServ\www\web-innomedic_v1\vendor\codeigniter4\framework\system\Database\BaseConnection.php(646): CodeIgniter\Database\BaseConnection->initialize()
#1 C:\AppServ\www\web-innomedic_v1\app\Models\InicioModel.php(16): CodeIgniter\Database\BaseConnection->query('select * from t...')
#2 C:\AppServ\www\web-innomedic_v1\app\Controllers\Inicio.php(22): App\Models\InicioModel->lisatemploye()
#3 C:\AppServ\www\web-innomedic_v1\vendor\codeigniter4\framework\system\CodeIgniter.php(918): App\Controllers\Inicio->index()
#4 C:\AppServ\www\web-innomedic_v1\vendor\codeigniter4\framework\system\CodeIgniter.php(404): CodeIgniter\CodeIgniter->runController(Object(App\Controllers\Inicio))
#5 C:\AppServ\www\web-innomedic_v1\vendor\codeigniter4\framework\system\CodeIgniter.php(312): CodeIgniter\CodeIgniter->handleRequest(NULL, Object(Config\Cache), false)
#6 C:\AppServ\www\web-innomedic_v1\index.php(45): CodeIgniter\CodeIgniter->run()
#7 {main}
CRITICAL - 2020-12-14 15:12:50 --> Uncaught ErrorException: print_r(): Property access is not allowed yet in C:\AppServ\www\web-innomedic_v1\app\Views\errors\html\error_exception.php:100
Stack trace:
#0 [internal function]: CodeIgniter\Debug\Exceptions->errorHandler(2, 'print_r(): Prop...', 'C:\\AppServ\\www\\...', 100, Array)
#1 C:\AppServ\www\web-innomedic_v1\app\Views\errors\html\error_exception.php(100): print_r(Object(App\Controllers\Inicio), true)
#2 C:\AppServ\www\web-innomedic_v1\vendor\codeigniter4\framework\system\Debug\Exceptions.php(308): include('C:\\AppServ\\www\\...')
#3 C:\AppServ\www\web-innomedic_v1\vendor\codeigniter4\framework\system\Debug\Exceptions.php(174): CodeIgniter\Debug\Exceptions->render(Object(CodeIgniter\Database\Exceptions\DatabaseException), 500)
#4 [internal function]: CodeIgniter\Debug\Exceptions->exceptionHandler(Object(CodeIgniter\Database\Exceptions\DatabaseException))
#5 {main}
  thrown
#0 [internal function]: CodeIgniter\Debug\Exceptions->shutdownHandler()
#1 {main}
CRITICAL - 2020-12-14 15:12:51 --> Unable to connect to the database.
#0 C:\AppServ\www\web-innomedic_v1\vendor\codeigniter4\framework\system\Database\BaseConnection.php(646): CodeIgniter\Database\BaseConnection->initialize()
#1 C:\AppServ\www\web-innomedic_v1\app\Models\InicioModel.php(16): CodeIgniter\Database\BaseConnection->query('select * from t...')
#2 C:\AppServ\www\web-innomedic_v1\app\Controllers\Inicio.php(22): App\Models\InicioModel->lisatemploye()
#3 C:\AppServ\www\web-innomedic_v1\vendor\codeigniter4\framework\system\CodeIgniter.php(918): App\Controllers\Inicio->index()
#4 C:\AppServ\www\web-innomedic_v1\vendor\codeigniter4\framework\system\CodeIgniter.php(404): CodeIgniter\CodeIgniter->runController(Object(App\Controllers\Inicio))
#5 C:\AppServ\www\web-innomedic_v1\vendor\codeigniter4\framework\system\CodeIgniter.php(312): CodeIgniter\CodeIgniter->handleRequest(NULL, Object(Config\Cache), false)
#6 C:\AppServ\www\web-innomedic_v1\index.php(45): CodeIgniter\CodeIgniter->run()
#7 {main}
CRITICAL - 2020-12-14 15:12:51 --> Uncaught ErrorException: print_r(): Property access is not allowed yet in C:\AppServ\www\web-innomedic_v1\app\Views\errors\html\error_exception.php:100
Stack trace:
#0 [internal function]: CodeIgniter\Debug\Exceptions->errorHandler(2, 'print_r(): Prop...', 'C:\\AppServ\\www\\...', 100, Array)
#1 C:\AppServ\www\web-innomedic_v1\app\Views\errors\html\error_exception.php(100): print_r(Object(App\Controllers\Inicio), true)
#2 C:\AppServ\www\web-innomedic_v1\vendor\codeigniter4\framework\system\Debug\Exceptions.php(308): include('C:\\AppServ\\www\\...')
#3 C:\AppServ\www\web-innomedic_v1\vendor\codeigniter4\framework\system\Debug\Exceptions.php(174): CodeIgniter\Debug\Exceptions->render(Object(CodeIgniter\Database\Exceptions\DatabaseException), 500)
#4 [internal function]: CodeIgniter\Debug\Exceptions->exceptionHandler(Object(CodeIgniter\Database\Exceptions\DatabaseException))
#5 {main}
  thrown
#0 [internal function]: CodeIgniter\Debug\Exceptions->shutdownHandler()
#1 {main}
CRITICAL - 2020-12-14 15:12:51 --> Unable to connect to the database.
#0 C:\AppServ\www\web-innomedic_v1\vendor\codeigniter4\framework\system\Database\BaseConnection.php(646): CodeIgniter\Database\BaseConnection->initialize()
#1 C:\AppServ\www\web-innomedic_v1\app\Models\InicioModel.php(16): CodeIgniter\Database\BaseConnection->query('select * from t...')
#2 C:\AppServ\www\web-innomedic_v1\app\Controllers\Inicio.php(22): App\Models\InicioModel->lisatemploye()
#3 C:\AppServ\www\web-innomedic_v1\vendor\codeigniter4\framework\system\CodeIgniter.php(918): App\Controllers\Inicio->index()
#4 C:\AppServ\www\web-innomedic_v1\vendor\codeigniter4\framework\system\CodeIgniter.php(404): CodeIgniter\CodeIgniter->runController(Object(App\Controllers\Inicio))
#5 C:\AppServ\www\web-innomedic_v1\vendor\codeigniter4\framework\system\CodeIgniter.php(312): CodeIgniter\CodeIgniter->handleRequest(NULL, Object(Config\Cache), false)
#6 C:\AppServ\www\web-innomedic_v1\index.php(45): CodeIgniter\CodeIgniter->run()
#7 {main}
CRITICAL - 2020-12-14 15:12:51 --> Uncaught ErrorException: print_r(): Property access is not allowed yet in C:\AppServ\www\web-innomedic_v1\app\Views\errors\html\error_exception.php:100
Stack trace:
#0 [internal function]: CodeIgniter\Debug\Exceptions->errorHandler(2, 'print_r(): Prop...', 'C:\\AppServ\\www\\...', 100, Array)
#1 C:\AppServ\www\web-innomedic_v1\app\Views\errors\html\error_exception.php(100): print_r(Object(App\Controllers\Inicio), true)
#2 C:\AppServ\www\web-innomedic_v1\vendor\codeigniter4\framework\system\Debug\Exceptions.php(308): include('C:\\AppServ\\www\\...')
#3 C:\AppServ\www\web-innomedic_v1\vendor\codeigniter4\framework\system\Debug\Exceptions.php(174): CodeIgniter\Debug\Exceptions->render(Object(CodeIgniter\Database\Exceptions\DatabaseException), 500)
#4 [internal function]: CodeIgniter\Debug\Exceptions->exceptionHandler(Object(CodeIgniter\Database\Exceptions\DatabaseException))
#5 {main}
  thrown
#0 [internal function]: CodeIgniter\Debug\Exceptions->shutdownHandler()
#1 {main}
CRITICAL - 2020-12-14 15:12:51 --> Unable to connect to the database.
#0 C:\AppServ\www\web-innomedic_v1\vendor\codeigniter4\framework\system\Database\BaseConnection.php(646): CodeIgniter\Database\BaseConnection->initialize()
#1 C:\AppServ\www\web-innomedic_v1\app\Models\InicioModel.php(16): CodeIgniter\Database\BaseConnection->query('select * from t...')
#2 C:\AppServ\www\web-innomedic_v1\app\Controllers\Inicio.php(22): App\Models\InicioModel->lisatemploye()
#3 C:\AppServ\www\web-innomedic_v1\vendor\codeigniter4\framework\system\CodeIgniter.php(918): App\Controllers\Inicio->index()
#4 C:\AppServ\www\web-innomedic_v1\vendor\codeigniter4\framework\system\CodeIgniter.php(404): CodeIgniter\CodeIgniter->runController(Object(App\Controllers\Inicio))
#5 C:\AppServ\www\web-innomedic_v1\vendor\codeigniter4\framework\system\CodeIgniter.php(312): CodeIgniter\CodeIgniter->handleRequest(NULL, Object(Config\Cache), false)
#6 C:\AppServ\www\web-innomedic_v1\index.php(45): CodeIgniter\CodeIgniter->run()
#7 {main}
CRITICAL - 2020-12-14 15:12:51 --> Uncaught ErrorException: print_r(): Property access is not allowed yet in C:\AppServ\www\web-innomedic_v1\app\Views\errors\html\error_exception.php:100
Stack trace:
#0 [internal function]: CodeIgniter\Debug\Exceptions->errorHandler(2, 'print_r(): Prop...', 'C:\\AppServ\\www\\...', 100, Array)
#1 C:\AppServ\www\web-innomedic_v1\app\Views\errors\html\error_exception.php(100): print_r(Object(App\Controllers\Inicio), true)
#2 C:\AppServ\www\web-innomedic_v1\vendor\codeigniter4\framework\system\Debug\Exceptions.php(308): include('C:\\AppServ\\www\\...')
#3 C:\AppServ\www\web-innomedic_v1\vendor\codeigniter4\framework\system\Debug\Exceptions.php(174): CodeIgniter\Debug\Exceptions->render(Object(CodeIgniter\Database\Exceptions\DatabaseException), 500)
#4 [internal function]: CodeIgniter\Debug\Exceptions->exceptionHandler(Object(CodeIgniter\Database\Exceptions\DatabaseException))
#5 {main}
  thrown
#0 [internal function]: CodeIgniter\Debug\Exceptions->shutdownHandler()
#1 {main}
CRITICAL - 2020-12-14 15:13:51 --> Table 'new-innomedic.t_paquetes' doesn't exist
#0 C:\AppServ\www\web-innomedic_v1\vendor\codeigniter4\framework\system\Database\MySQLi\Connection.php(331): mysqli->query('select * from t...')
#1 C:\AppServ\www\web-innomedic_v1\vendor\codeigniter4\framework\system\Database\BaseConnection.php(741): CodeIgniter\Database\MySQLi\Connection->execute('select * from t...')
#2 C:\AppServ\www\web-innomedic_v1\vendor\codeigniter4\framework\system\Database\BaseConnection.php(669): CodeIgniter\Database\BaseConnection->simpleQuery('select * from t...')
#3 C:\AppServ\www\web-innomedic_v1\app\Views\body\index.php(259): CodeIgniter\Database\BaseConnection->query('select * from t...')
#4 C:\AppServ\www\web-innomedic_v1\vendor\codeigniter4\framework\system\View\View.php(246): include('C:\\AppServ\\www\\...')
#5 C:\AppServ\www\web-innomedic_v1\vendor\codeigniter4\framework\system\Common.php(1119): CodeIgniter\View\View->render('body/index', Array, true)
#6 C:\AppServ\www\web-innomedic_v1\app\Controllers\Inicio.php(36): view('body/index', Array)
#7 C:\AppServ\www\web-innomedic_v1\vendor\codeigniter4\framework\system\CodeIgniter.php(918): App\Controllers\Inicio->index()
#8 C:\AppServ\www\web-innomedic_v1\vendor\codeigniter4\framework\system\CodeIgniter.php(404): CodeIgniter\CodeIgniter->runController(Object(App\Controllers\Inicio))
#9 C:\AppServ\www\web-innomedic_v1\vendor\codeigniter4\framework\system\CodeIgniter.php(312): CodeIgniter\CodeIgniter->handleRequest(NULL, Object(Config\Cache), false)
#10 C:\AppServ\www\web-innomedic_v1\index.php(45): CodeIgniter\CodeIgniter->run()
#11 {main}
CRITICAL - 2020-12-14 15:13:57 --> Table 'new-innomedic.t_paquetes' doesn't exist
#0 C:\AppServ\www\web-innomedic_v1\vendor\codeigniter4\framework\system\Database\MySQLi\Connection.php(331): mysqli->query('select * from t...')
#1 C:\AppServ\www\web-innomedic_v1\vendor\codeigniter4\framework\system\Database\BaseConnection.php(741): CodeIgniter\Database\MySQLi\Connection->execute('select * from t...')
#2 C:\AppServ\www\web-innomedic_v1\vendor\codeigniter4\framework\system\Database\BaseConnection.php(669): CodeIgniter\Database\BaseConnection->simpleQuery('select * from t...')
#3 C:\AppServ\www\web-innomedic_v1\app\Views\body\index.php(259): CodeIgniter\Database\BaseConnection->query('select * from t...')
#4 C:\AppServ\www\web-innomedic_v1\vendor\codeigniter4\framework\system\View\View.php(246): include('C:\\AppServ\\www\\...')
#5 C:\AppServ\www\web-innomedic_v1\vendor\codeigniter4\framework\system\Common.php(1119): CodeIgniter\View\View->render('body/index', Array, true)
#6 C:\AppServ\www\web-innomedic_v1\app\Controllers\Inicio.php(36): view('body/index', Array)
#7 C:\AppServ\www\web-innomedic_v1\vendor\codeigniter4\framework\system\CodeIgniter.php(918): App\Controllers\Inicio->index()
#8 C:\AppServ\www\web-innomedic_v1\vendor\codeigniter4\framework\system\CodeIgniter.php(404): CodeIgniter\CodeIgniter->runController(Object(App\Controllers\Inicio))
#9 C:\AppServ\www\web-innomedic_v1\vendor\codeigniter4\framework\system\CodeIgniter.php(312): CodeIgniter\CodeIgniter->handleRequest(NULL, Object(Config\Cache), false)
#10 C:\AppServ\www\web-innomedic_v1\index.php(45): CodeIgniter\CodeIgniter->run()
#11 {main}
CRITICAL - 2020-12-14 15:16:35 --> Undefined variable: adress2
#0 C:\AppServ\www\web-innomedic_v1\app\Views\diseno\head.php(134): CodeIgniter\Debug\Exceptions->errorHandler(8, 'Undefined varia...', 'C:\\AppServ\\www\\...', 134, Array)
#1 C:\AppServ\www\web-innomedic_v1\vendor\codeigniter4\framework\system\View\View.php(246): include('C:\\AppServ\\www\\...')
#2 C:\AppServ\www\web-innomedic_v1\vendor\codeigniter4\framework\system\Common.php(1119): CodeIgniter\View\View->render('diseno/head', Array, true)
#3 C:\AppServ\www\web-innomedic_v1\app\Controllers\Inicio.php(35): view('diseno/head', Array)
#4 C:\AppServ\www\web-innomedic_v1\vendor\codeigniter4\framework\system\CodeIgniter.php(918): App\Controllers\Inicio->index()
#5 C:\AppServ\www\web-innomedic_v1\vendor\codeigniter4\framework\system\CodeIgniter.php(404): CodeIgniter\CodeIgniter->runController(Object(App\Controllers\Inicio))
#6 C:\AppServ\www\web-innomedic_v1\vendor\codeigniter4\framework\system\CodeIgniter.php(312): CodeIgniter\CodeIgniter->handleRequest(NULL, Object(Config\Cache), false)
#7 C:\AppServ\www\web-innomedic_v1\index.php(45): CodeIgniter\CodeIgniter->run()
#8 {main}
CRITICAL - 2020-12-14 15:16:37 --> Undefined variable: adress2
#0 C:\AppServ\www\web-innomedic_v1\app\Views\diseno\head.php(134): CodeIgniter\Debug\Exceptions->errorHandler(8, 'Undefined varia...', 'C:\\AppServ\\www\\...', 134, Array)
#1 C:\AppServ\www\web-innomedic_v1\vendor\codeigniter4\framework\system\View\View.php(246): include('C:\\AppServ\\www\\...')
#2 C:\AppServ\www\web-innomedic_v1\vendor\codeigniter4\framework\system\Common.php(1119): CodeIgniter\View\View->render('diseno/head', Array, true)
#3 C:\AppServ\www\web-innomedic_v1\app\Controllers\Inicio.php(35): view('diseno/head', Array)
#4 C:\AppServ\www\web-innomedic_v1\vendor\codeigniter4\framework\system\CodeIgniter.php(918): App\Controllers\Inicio->index()
#5 C:\AppServ\www\web-innomedic_v1\vendor\codeigniter4\framework\system\CodeIgniter.php(404): CodeIgniter\CodeIgniter->runController(Object(App\Controllers\Inicio))
#6 C:\AppServ\www\web-innomedic_v1\vendor\codeigniter4\framework\system\CodeIgniter.php(312): CodeIgniter\CodeIgniter->handleRequest(NULL, Object(Config\Cache), false)
#7 C:\AppServ\www\web-innomedic_v1\index.php(45): CodeIgniter\CodeIgniter->run()
#8 {main}
CRITICAL - 2020-12-14 15:16:37 --> Undefined variable: adress2
#0 C:\AppServ\www\web-innomedic_v1\app\Views\diseno\head.php(134): CodeIgniter\Debug\Exceptions->errorHandler(8, 'Undefined varia...', 'C:\\AppServ\\www\\...', 134, Array)
#1 C:\AppServ\www\web-innomedic_v1\vendor\codeigniter4\framework\system\View\View.php(246): include('C:\\AppServ\\www\\...')
#2 C:\AppServ\www\web-innomedic_v1\vendor\codeigniter4\framework\system\Common.php(1119): CodeIgniter\View\View->render('diseno/head', Array, true)
#3 C:\AppServ\www\web-innomedic_v1\app\Controllers\Inicio.php(35): view('diseno/head', Array)
#4 C:\AppServ\www\web-innomedic_v1\vendor\codeigniter4\framework\system\CodeIgniter.php(918): App\Controllers\Inicio->index()
#5 C:\AppServ\www\web-innomedic_v1\vendor\codeigniter4\framework\system\CodeIgniter.php(404): CodeIgniter\CodeIgniter->runController(Object(App\Controllers\Inicio))
#6 C:\AppServ\www\web-innomedic_v1\vendor\codeigniter4\framework\system\CodeIgniter.php(312): CodeIgniter\CodeIgniter->handleRequest(NULL, Object(Config\Cache), false)
#7 C:\AppServ\www\web-innomedic_v1\index.php(45): CodeIgniter\CodeIgniter->run()
#8 {main}
CRITICAL - 2020-12-14 15:16:37 --> Undefined variable: adress2
#0 C:\AppServ\www\web-innomedic_v1\app\Views\diseno\head.php(134): CodeIgniter\Debug\Exceptions->errorHandler(8, 'Undefined varia...', 'C:\\AppServ\\www\\...', 134, Array)
#1 C:\AppServ\www\web-innomedic_v1\vendor\codeigniter4\framework\system\View\View.php(246): include('C:\\AppServ\\www\\...')
#2 C:\AppServ\www\web-innomedic_v1\vendor\codeigniter4\framework\system\Common.php(1119): CodeIgniter\View\View->render('diseno/head', Array, true)
#3 C:\AppServ\www\web-innomedic_v1\app\Controllers\Inicio.php(35): view('diseno/head', Array)
#4 C:\AppServ\www\web-innomedic_v1\vendor\codeigniter4\framework\system\CodeIgniter.php(918): App\Controllers\Inicio->index()
#5 C:\AppServ\www\web-innomedic_v1\vendor\codeigniter4\framework\system\CodeIgniter.php(404): CodeIgniter\CodeIgniter->runController(Object(App\Controllers\Inicio))
#6 C:\AppServ\www\web-innomedic_v1\vendor\codeigniter4\framework\system\CodeIgniter.php(312): CodeIgniter\CodeIgniter->handleRequest(NULL, Object(Config\Cache), false)
#7 C:\AppServ\www\web-innomedic_v1\index.php(45): CodeIgniter\CodeIgniter->run()
#8 {main}
CRITICAL - 2020-12-14 15:16:39 --> Undefined variable: adress2
#0 C:\AppServ\www\web-innomedic_v1\app\Views\diseno\head.php(134): CodeIgniter\Debug\Exceptions->errorHandler(8, 'Undefined varia...', 'C:\\AppServ\\www\\...', 134, Array)
#1 C:\AppServ\www\web-innomedic_v1\vendor\codeigniter4\framework\system\View\View.php(246): include('C:\\AppServ\\www\\...')
#2 C:\AppServ\www\web-innomedic_v1\vendor\codeigniter4\framework\system\Common.php(1119): CodeIgniter\View\View->render('diseno/head', Array, true)
#3 C:\AppServ\www\web-innomedic_v1\app\Controllers\Inicio.php(35): view('diseno/head', Array)
#4 C:\AppServ\www\web-innomedic_v1\vendor\codeigniter4\framework\system\CodeIgniter.php(918): App\Controllers\Inicio->index()
#5 C:\AppServ\www\web-innomedic_v1\vendor\codeigniter4\framework\system\CodeIgniter.php(404): CodeIgniter\CodeIgniter->runController(Object(App\Controllers\Inicio))
#6 C:\AppServ\www\web-innomedic_v1\vendor\codeigniter4\framework\system\CodeIgniter.php(312): CodeIgniter\CodeIgniter->handleRequest(NULL, Object(Config\Cache), false)
#7 C:\AppServ\www\web-innomedic_v1\index.php(45): CodeIgniter\CodeIgniter->run()
#8 {main}
CRITICAL - 2020-12-14 15:16:39 --> Undefined variable: adress2
#0 C:\AppServ\www\web-innomedic_v1\app\Views\diseno\head.php(134): CodeIgniter\Debug\Exceptions->errorHandler(8, 'Undefined varia...', 'C:\\AppServ\\www\\...', 134, Array)
#1 C:\AppServ\www\web-innomedic_v1\vendor\codeigniter4\framework\system\View\View.php(246): include('C:\\AppServ\\www\\...')
#2 C:\AppServ\www\web-innomedic_v1\vendor\codeigniter4\framework\system\Common.php(1119): CodeIgniter\View\View->render('diseno/head', Array, true)
#3 C:\AppServ\www\web-innomedic_v1\app\Controllers\Inicio.php(35): view('diseno/head', Array)
#4 C:\AppServ\www\web-innomedic_v1\vendor\codeigniter4\framework\system\CodeIgniter.php(918): App\Controllers\Inicio->index()
#5 C:\AppServ\www\web-innomedic_v1\vendor\codeigniter4\framework\system\CodeIgniter.php(404): CodeIgniter\CodeIgniter->runController(Object(App\Controllers\Inicio))
#6 C:\AppServ\www\web-innomedic_v1\vendor\codeigniter4\framework\system\CodeIgniter.php(312): CodeIgniter\CodeIgniter->handleRequest(NULL, Object(Config\Cache), false)
#7 C:\AppServ\www\web-innomedic_v1\index.php(45): CodeIgniter\CodeIgniter->run()
#8 {main}
CRITICAL - 2020-12-14 15:16:40 --> Undefined variable: adress2
#0 C:\AppServ\www\web-innomedic_v1\app\Views\diseno\head.php(134): CodeIgniter\Debug\Exceptions->errorHandler(8, 'Undefined varia...', 'C:\\AppServ\\www\\...', 134, Array)
#1 C:\AppServ\www\web-innomedic_v1\vendor\codeigniter4\framework\system\View\View.php(246): include('C:\\AppServ\\www\\...')
#2 C:\AppServ\www\web-innomedic_v1\vendor\codeigniter4\framework\system\Common.php(1119): CodeIgniter\View\View->render('diseno/head', Array, true)
#3 C:\AppServ\www\web-innomedic_v1\app\Controllers\Inicio.php(35): view('diseno/head', Array)
#4 C:\AppServ\www\web-innomedic_v1\vendor\codeigniter4\framework\system\CodeIgniter.php(918): App\Controllers\Inicio->index()
#5 C:\AppServ\www\web-innomedic_v1\vendor\codeigniter4\framework\system\CodeIgniter.php(404): CodeIgniter\CodeIgniter->runController(Object(App\Controllers\Inicio))
#6 C:\AppServ\www\web-innomedic_v1\vendor\codeigniter4\framework\system\CodeIgniter.php(312): CodeIgniter\CodeIgniter->handleRequest(NULL, Object(Config\Cache), false)
#7 C:\AppServ\www\web-innomedic_v1\index.php(45): CodeIgniter\CodeIgniter->run()
#8 {main}
CRITICAL - 2020-12-14 15:16:40 --> Undefined variable: adress2
#0 C:\AppServ\www\web-innomedic_v1\app\Views\diseno\head.php(134): CodeIgniter\Debug\Exceptions->errorHandler(8, 'Undefined varia...', 'C:\\AppServ\\www\\...', 134, Array)
#1 C:\AppServ\www\web-innomedic_v1\vendor\codeigniter4\framework\system\View\View.php(246): include('C:\\AppServ\\www\\...')
#2 C:\AppServ\www\web-innomedic_v1\vendor\codeigniter4\framework\system\Common.php(1119): CodeIgniter\View\View->render('diseno/head', Array, true)
#3 C:\AppServ\www\web-innomedic_v1\app\Controllers\Inicio.php(35): view('diseno/head', Array)
#4 C:\AppServ\www\web-innomedic_v1\vendor\codeigniter4\framework\system\CodeIgniter.php(918): App\Controllers\Inicio->index()
#5 C:\AppServ\www\web-innomedic_v1\vendor\codeigniter4\framework\system\CodeIgniter.php(404): CodeIgniter\CodeIgniter->runController(Object(App\Controllers\Inicio))
#6 C:\AppServ\www\web-innomedic_v1\vendor\codeigniter4\framework\system\CodeIgniter.php(312): CodeIgniter\CodeIgniter->handleRequest(NULL, Object(Config\Cache), false)
#7 C:\AppServ\www\web-innomedic_v1\index.php(45): CodeIgniter\CodeIgniter->run()
#8 {main}
