CRITICAL - 2020-07-02 15:13:24 --> Unknown database 'web-innomedic'
#0 C:\AppServ\www\web-innomedic_v1\vendor\codeigniter4\framework\system\Database\BaseConnection.php(377): CodeIgniter\Database\MySQLi\Connection->connect(false)
#1 C:\AppServ\www\web-innomedic_v1\vendor\codeigniter4\framework\system\Database\BaseConnection.php(643): CodeIgniter\Database\BaseConnection->initialize()
#2 C:\AppServ\www\web-innomedic_v1\app\Models\InicioModel.php(16): CodeIgniter\Database\BaseConnection->query('select * from t...')
#3 C:\AppServ\www\web-innomedic_v1\app\Controllers\Inicio.php(20): App\Models\InicioModel->lisatemploye()
#4 C:\AppServ\www\web-innomedic_v1\vendor\codeigniter4\framework\system\CodeIgniter.php(914): App\Controllers\Inicio->index()
#5 C:\AppServ\www\web-innomedic_v1\vendor\codeigniter4\framework\system\CodeIgniter.php(400): CodeIgniter\CodeIgniter->runController(Object(App\Controllers\Inicio))
#6 C:\AppServ\www\web-innomedic_v1\vendor\codeigniter4\framework\system\CodeIgniter.php(308): CodeIgniter\CodeIgniter->handleRequest(NULL, Object(Config\Cache), false)
#7 C:\AppServ\www\web-innomedic_v1\index.php(45): CodeIgniter\CodeIgniter->run()
#8 {main}
CRITICAL - 2020-07-02 15:13:24 --> Uncaught ErrorException: print_r(): Property access is not allowed yet in C:\AppServ\www\web-innomedic_v1\app\Views\errors\html\error_exception.php:100
Stack trace:
#0 [internal function]: CodeIgniter\Debug\Exceptions->errorHandler(2, 'print_r(): Prop...', 'C:\\AppServ\\www\\...', 100, Array)
#1 C:\AppServ\www\web-innomedic_v1\app\Views\errors\html\error_exception.php(100): print_r(Object(App\Controllers\Inicio), true)
#2 C:\AppServ\www\web-innomedic_v1\vendor\codeigniter4\framework\system\Debug\Exceptions.php(299): include('C:\\AppServ\\www\\...')
#3 C:\AppServ\www\web-innomedic_v1\vendor\codeigniter4\framework\system\Debug\Exceptions.php(172): CodeIgniter\Debug\Exceptions->render(Object(mysqli_sql_exception), 500)
#4 [internal function]: CodeIgniter\Debug\Exceptions->exceptionHandler(Object(mysqli_sql_exception))
#5 {main}
  thrown
#0 [internal function]: CodeIgniter\Debug\Exceptions->shutdownHandler()
#1 {main}
CRITICAL - 2020-07-02 15:13:53 --> Unknown database 'web-innomedic'
#0 C:\AppServ\www\web-innomedic_v1\vendor\codeigniter4\framework\system\Database\BaseConnection.php(377): CodeIgniter\Database\MySQLi\Connection->connect(false)
#1 C:\AppServ\www\web-innomedic_v1\vendor\codeigniter4\framework\system\Database\BaseConnection.php(643): CodeIgniter\Database\BaseConnection->initialize()
#2 C:\AppServ\www\web-innomedic_v1\app\Models\InicioModel.php(16): CodeIgniter\Database\BaseConnection->query('select * from t...')
#3 C:\AppServ\www\web-innomedic_v1\app\Controllers\Inicio.php(20): App\Models\InicioModel->lisatemploye()
#4 C:\AppServ\www\web-innomedic_v1\vendor\codeigniter4\framework\system\CodeIgniter.php(914): App\Controllers\Inicio->index()
#5 C:\AppServ\www\web-innomedic_v1\vendor\codeigniter4\framework\system\CodeIgniter.php(400): CodeIgniter\CodeIgniter->runController(Object(App\Controllers\Inicio))
#6 C:\AppServ\www\web-innomedic_v1\vendor\codeigniter4\framework\system\CodeIgniter.php(308): CodeIgniter\CodeIgniter->handleRequest(NULL, Object(Config\Cache), false)
#7 C:\AppServ\www\web-innomedic_v1\index.php(45): CodeIgniter\CodeIgniter->run()
#8 {main}
CRITICAL - 2020-07-02 15:13:53 --> Uncaught ErrorException: print_r(): Property access is not allowed yet in C:\AppServ\www\web-innomedic_v1\app\Views\errors\html\error_exception.php:100
Stack trace:
#0 [internal function]: CodeIgniter\Debug\Exceptions->errorHandler(2, 'print_r(): Prop...', 'C:\\AppServ\\www\\...', 100, Array)
#1 C:\AppServ\www\web-innomedic_v1\app\Views\errors\html\error_exception.php(100): print_r(Object(App\Controllers\Inicio), true)
#2 C:\AppServ\www\web-innomedic_v1\vendor\codeigniter4\framework\system\Debug\Exceptions.php(299): include('C:\\AppServ\\www\\...')
#3 C:\AppServ\www\web-innomedic_v1\vendor\codeigniter4\framework\system\Debug\Exceptions.php(172): CodeIgniter\Debug\Exceptions->render(Object(mysqli_sql_exception), 500)
#4 [internal function]: CodeIgniter\Debug\Exceptions->exceptionHandler(Object(mysqli_sql_exception))
#5 {main}
  thrown
#0 [internal function]: CodeIgniter\Debug\Exceptions->shutdownHandler()
#1 {main}
CRITICAL - 2020-07-02 15:15:06 --> Unknown database 'web-innomedic'
#0 C:\AppServ\www\web-innomedic_v1\vendor\codeigniter4\framework\system\Database\BaseConnection.php(377): CodeIgniter\Database\MySQLi\Connection->connect(false)
#1 C:\AppServ\www\web-innomedic_v1\vendor\codeigniter4\framework\system\Database\BaseConnection.php(643): CodeIgniter\Database\BaseConnection->initialize()
#2 C:\AppServ\www\web-innomedic_v1\app\Models\InicioModel.php(16): CodeIgniter\Database\BaseConnection->query('select * from t...')
#3 C:\AppServ\www\web-innomedic_v1\app\Controllers\Inicio.php(20): App\Models\InicioModel->lisatemploye()
#4 C:\AppServ\www\web-innomedic_v1\vendor\codeigniter4\framework\system\CodeIgniter.php(914): App\Controllers\Inicio->index()
#5 C:\AppServ\www\web-innomedic_v1\vendor\codeigniter4\framework\system\CodeIgniter.php(400): CodeIgniter\CodeIgniter->runController(Object(App\Controllers\Inicio))
#6 C:\AppServ\www\web-innomedic_v1\vendor\codeigniter4\framework\system\CodeIgniter.php(308): CodeIgniter\CodeIgniter->handleRequest(NULL, Object(Config\Cache), false)
#7 C:\AppServ\www\web-innomedic_v1\index.php(45): CodeIgniter\CodeIgniter->run()
#8 {main}
CRITICAL - 2020-07-02 15:15:06 --> Uncaught ErrorException: print_r(): Property access is not allowed yet in C:\AppServ\www\web-innomedic_v1\app\Views\errors\html\error_exception.php:100
Stack trace:
#0 [internal function]: CodeIgniter\Debug\Exceptions->errorHandler(2, 'print_r(): Prop...', 'C:\\AppServ\\www\\...', 100, Array)
#1 C:\AppServ\www\web-innomedic_v1\app\Views\errors\html\error_exception.php(100): print_r(Object(App\Controllers\Inicio), true)
#2 C:\AppServ\www\web-innomedic_v1\vendor\codeigniter4\framework\system\Debug\Exceptions.php(299): include('C:\\AppServ\\www\\...')
#3 C:\AppServ\www\web-innomedic_v1\vendor\codeigniter4\framework\system\Debug\Exceptions.php(172): CodeIgniter\Debug\Exceptions->render(Object(mysqli_sql_exception), 500)
#4 [internal function]: CodeIgniter\Debug\Exceptions->exceptionHandler(Object(mysqli_sql_exception))
#5 {main}
  thrown
#0 [internal function]: CodeIgniter\Debug\Exceptions->shutdownHandler()
#1 {main}
CRITICAL - 2020-07-02 15:15:37 --> Unknown database 'web-innomedic'
#0 C:\AppServ\www\web-innomedic_v1\vendor\codeigniter4\framework\system\Database\BaseConnection.php(377): CodeIgniter\Database\MySQLi\Connection->connect(false)
#1 C:\AppServ\www\web-innomedic_v1\vendor\codeigniter4\framework\system\Database\BaseConnection.php(643): CodeIgniter\Database\BaseConnection->initialize()
#2 C:\AppServ\www\web-innomedic_v1\app\Models\InicioModel.php(16): CodeIgniter\Database\BaseConnection->query('select * from t...')
#3 C:\AppServ\www\web-innomedic_v1\app\Controllers\Inicio.php(20): App\Models\InicioModel->lisatemploye()
#4 C:\AppServ\www\web-innomedic_v1\vendor\codeigniter4\framework\system\CodeIgniter.php(914): App\Controllers\Inicio->index()
#5 C:\AppServ\www\web-innomedic_v1\vendor\codeigniter4\framework\system\CodeIgniter.php(400): CodeIgniter\CodeIgniter->runController(Object(App\Controllers\Inicio))
#6 C:\AppServ\www\web-innomedic_v1\vendor\codeigniter4\framework\system\CodeIgniter.php(308): CodeIgniter\CodeIgniter->handleRequest(NULL, Object(Config\Cache), false)
#7 C:\AppServ\www\web-innomedic_v1\index.php(45): CodeIgniter\CodeIgniter->run()
#8 {main}
CRITICAL - 2020-07-02 15:15:38 --> Uncaught ErrorException: print_r(): Property access is not allowed yet in C:\AppServ\www\web-innomedic_v1\app\Views\errors\html\error_exception.php:100
Stack trace:
#0 [internal function]: CodeIgniter\Debug\Exceptions->errorHandler(2, 'print_r(): Prop...', 'C:\\AppServ\\www\\...', 100, Array)
#1 C:\AppServ\www\web-innomedic_v1\app\Views\errors\html\error_exception.php(100): print_r(Object(App\Controllers\Inicio), true)
#2 C:\AppServ\www\web-innomedic_v1\vendor\codeigniter4\framework\system\Debug\Exceptions.php(299): include('C:\\AppServ\\www\\...')
#3 C:\AppServ\www\web-innomedic_v1\vendor\codeigniter4\framework\system\Debug\Exceptions.php(172): CodeIgniter\Debug\Exceptions->render(Object(mysqli_sql_exception), 500)
#4 [internal function]: CodeIgniter\Debug\Exceptions->exceptionHandler(Object(mysqli_sql_exception))
#5 {main}
  thrown
#0 [internal function]: CodeIgniter\Debug\Exceptions->shutdownHandler()
#1 {main}
CRITICAL - 2020-07-02 15:15:38 --> Unknown database 'web-innomedic'
#0 C:\AppServ\www\web-innomedic_v1\vendor\codeigniter4\framework\system\Database\BaseConnection.php(377): CodeIgniter\Database\MySQLi\Connection->connect(false)
#1 C:\AppServ\www\web-innomedic_v1\vendor\codeigniter4\framework\system\Database\BaseConnection.php(643): CodeIgniter\Database\BaseConnection->initialize()
#2 C:\AppServ\www\web-innomedic_v1\app\Models\InicioModel.php(16): CodeIgniter\Database\BaseConnection->query('select * from t...')
#3 C:\AppServ\www\web-innomedic_v1\app\Controllers\Inicio.php(20): App\Models\InicioModel->lisatemploye()
#4 C:\AppServ\www\web-innomedic_v1\vendor\codeigniter4\framework\system\CodeIgniter.php(914): App\Controllers\Inicio->index()
#5 C:\AppServ\www\web-innomedic_v1\vendor\codeigniter4\framework\system\CodeIgniter.php(400): CodeIgniter\CodeIgniter->runController(Object(App\Controllers\Inicio))
#6 C:\AppServ\www\web-innomedic_v1\vendor\codeigniter4\framework\system\CodeIgniter.php(308): CodeIgniter\CodeIgniter->handleRequest(NULL, Object(Config\Cache), false)
#7 C:\AppServ\www\web-innomedic_v1\index.php(45): CodeIgniter\CodeIgniter->run()
#8 {main}
CRITICAL - 2020-07-02 15:15:38 --> Uncaught ErrorException: print_r(): Property access is not allowed yet in C:\AppServ\www\web-innomedic_v1\app\Views\errors\html\error_exception.php:100
Stack trace:
#0 [internal function]: CodeIgniter\Debug\Exceptions->errorHandler(2, 'print_r(): Prop...', 'C:\\AppServ\\www\\...', 100, Array)
#1 C:\AppServ\www\web-innomedic_v1\app\Views\errors\html\error_exception.php(100): print_r(Object(App\Controllers\Inicio), true)
#2 C:\AppServ\www\web-innomedic_v1\vendor\codeigniter4\framework\system\Debug\Exceptions.php(299): include('C:\\AppServ\\www\\...')
#3 C:\AppServ\www\web-innomedic_v1\vendor\codeigniter4\framework\system\Debug\Exceptions.php(172): CodeIgniter\Debug\Exceptions->render(Object(mysqli_sql_exception), 500)
#4 [internal function]: CodeIgniter\Debug\Exceptions->exceptionHandler(Object(mysqli_sql_exception))
#5 {main}
  thrown
#0 [internal function]: CodeIgniter\Debug\Exceptions->shutdownHandler()
#1 {main}
CRITICAL - 2020-07-02 15:15:38 --> Unknown database 'web-innomedic'
#0 C:\AppServ\www\web-innomedic_v1\vendor\codeigniter4\framework\system\Database\BaseConnection.php(377): CodeIgniter\Database\MySQLi\Connection->connect(false)
#1 C:\AppServ\www\web-innomedic_v1\vendor\codeigniter4\framework\system\Database\BaseConnection.php(643): CodeIgniter\Database\BaseConnection->initialize()
#2 C:\AppServ\www\web-innomedic_v1\app\Models\InicioModel.php(16): CodeIgniter\Database\BaseConnection->query('select * from t...')
#3 C:\AppServ\www\web-innomedic_v1\app\Controllers\Inicio.php(20): App\Models\InicioModel->lisatemploye()
#4 C:\AppServ\www\web-innomedic_v1\vendor\codeigniter4\framework\system\CodeIgniter.php(914): App\Controllers\Inicio->index()
#5 C:\AppServ\www\web-innomedic_v1\vendor\codeigniter4\framework\system\CodeIgniter.php(400): CodeIgniter\CodeIgniter->runController(Object(App\Controllers\Inicio))
#6 C:\AppServ\www\web-innomedic_v1\vendor\codeigniter4\framework\system\CodeIgniter.php(308): CodeIgniter\CodeIgniter->handleRequest(NULL, Object(Config\Cache), false)
#7 C:\AppServ\www\web-innomedic_v1\index.php(45): CodeIgniter\CodeIgniter->run()
#8 {main}
CRITICAL - 2020-07-02 15:15:38 --> Uncaught ErrorException: print_r(): Property access is not allowed yet in C:\AppServ\www\web-innomedic_v1\app\Views\errors\html\error_exception.php:100
Stack trace:
#0 [internal function]: CodeIgniter\Debug\Exceptions->errorHandler(2, 'print_r(): Prop...', 'C:\\AppServ\\www\\...', 100, Array)
#1 C:\AppServ\www\web-innomedic_v1\app\Views\errors\html\error_exception.php(100): print_r(Object(App\Controllers\Inicio), true)
#2 C:\AppServ\www\web-innomedic_v1\vendor\codeigniter4\framework\system\Debug\Exceptions.php(299): include('C:\\AppServ\\www\\...')
#3 C:\AppServ\www\web-innomedic_v1\vendor\codeigniter4\framework\system\Debug\Exceptions.php(172): CodeIgniter\Debug\Exceptions->render(Object(mysqli_sql_exception), 500)
#4 [internal function]: CodeIgniter\Debug\Exceptions->exceptionHandler(Object(mysqli_sql_exception))
#5 {main}
  thrown
#0 [internal function]: CodeIgniter\Debug\Exceptions->shutdownHandler()
#1 {main}
CRITICAL - 2020-07-02 15:17:34 --> Unknown database 'web-innomedic'
#0 C:\AppServ\www\web-innomedic_v1\vendor\codeigniter4\framework\system\Database\BaseConnection.php(377): CodeIgniter\Database\MySQLi\Connection->connect(false)
#1 C:\AppServ\www\web-innomedic_v1\vendor\codeigniter4\framework\system\Database\BaseConnection.php(643): CodeIgniter\Database\BaseConnection->initialize()
#2 C:\AppServ\www\web-innomedic_v1\app\Controllers\Inicio.php(42): CodeIgniter\Database\BaseConnection->query('select *,count(...')
#3 C:\AppServ\www\web-innomedic_v1\vendor\codeigniter4\framework\system\CodeIgniter.php(914): App\Controllers\Inicio->cantidad_registro()
#4 C:\AppServ\www\web-innomedic_v1\vendor\codeigniter4\framework\system\CodeIgniter.php(400): CodeIgniter\CodeIgniter->runController(Object(App\Controllers\Inicio))
#5 C:\AppServ\www\web-innomedic_v1\vendor\codeigniter4\framework\system\CodeIgniter.php(308): CodeIgniter\CodeIgniter->handleRequest(NULL, Object(Config\Cache), false)
#6 C:\AppServ\www\web-innomedic_v1\index.php(45): CodeIgniter\CodeIgniter->run()
#7 {main}
CRITICAL - 2020-07-02 15:17:36 --> Unknown database 'web-innomedic'
#0 C:\AppServ\www\web-innomedic_v1\vendor\codeigniter4\framework\system\Database\BaseConnection.php(377): CodeIgniter\Database\MySQLi\Connection->connect(false)
#1 C:\AppServ\www\web-innomedic_v1\vendor\codeigniter4\framework\system\Database\BaseConnection.php(643): CodeIgniter\Database\BaseConnection->initialize()
#2 C:\AppServ\www\web-innomedic_v1\app\Models\InicioModel.php(16): CodeIgniter\Database\BaseConnection->query('select * from t...')
#3 C:\AppServ\www\web-innomedic_v1\app\Controllers\Inicio.php(20): App\Models\InicioModel->lisatemploye()
#4 C:\AppServ\www\web-innomedic_v1\vendor\codeigniter4\framework\system\CodeIgniter.php(914): App\Controllers\Inicio->index()
#5 C:\AppServ\www\web-innomedic_v1\vendor\codeigniter4\framework\system\CodeIgniter.php(400): CodeIgniter\CodeIgniter->runController(Object(App\Controllers\Inicio))
#6 C:\AppServ\www\web-innomedic_v1\vendor\codeigniter4\framework\system\CodeIgniter.php(308): CodeIgniter\CodeIgniter->handleRequest(NULL, Object(Config\Cache), false)
#7 C:\AppServ\www\web-innomedic_v1\index.php(45): CodeIgniter\CodeIgniter->run()
#8 {main}
CRITICAL - 2020-07-02 15:17:38 --> Unknown database 'web-innomedic'
#0 C:\AppServ\www\web-innomedic_v1\vendor\codeigniter4\framework\system\Database\BaseConnection.php(377): CodeIgniter\Database\MySQLi\Connection->connect(false)
#1 C:\AppServ\www\web-innomedic_v1\vendor\codeigniter4\framework\system\Database\BaseConnection.php(643): CodeIgniter\Database\BaseConnection->initialize()
#2 C:\AppServ\www\web-innomedic_v1\app\Models\InicioModel.php(16): CodeIgniter\Database\BaseConnection->query('select * from t...')
#3 C:\AppServ\www\web-innomedic_v1\app\Controllers\Inicio.php(20): App\Models\InicioModel->lisatemploye()
#4 C:\AppServ\www\web-innomedic_v1\vendor\codeigniter4\framework\system\CodeIgniter.php(914): App\Controllers\Inicio->index()
#5 C:\AppServ\www\web-innomedic_v1\vendor\codeigniter4\framework\system\CodeIgniter.php(400): CodeIgniter\CodeIgniter->runController(Object(App\Controllers\Inicio))
#6 C:\AppServ\www\web-innomedic_v1\vendor\codeigniter4\framework\system\CodeIgniter.php(308): CodeIgniter\CodeIgniter->handleRequest(NULL, Object(Config\Cache), false)
#7 C:\AppServ\www\web-innomedic_v1\index.php(45): CodeIgniter\CodeIgniter->run()
#8 {main}
CRITICAL - 2020-07-02 15:17:53 --> Unknown database 'web-innomedic'
#0 C:\AppServ\www\web-innomedic_v1\vendor\codeigniter4\framework\system\Database\BaseConnection.php(377): CodeIgniter\Database\MySQLi\Connection->connect(false)
#1 C:\AppServ\www\web-innomedic_v1\vendor\codeigniter4\framework\system\Database\BaseConnection.php(643): CodeIgniter\Database\BaseConnection->initialize()
#2 C:\AppServ\www\web-innomedic_v1\app\Models\InicioModel.php(16): CodeIgniter\Database\BaseConnection->query('select * from t...')
#3 C:\AppServ\www\web-innomedic_v1\app\Controllers\Inicio.php(20): App\Models\InicioModel->lisatemploye()
#4 C:\AppServ\www\web-innomedic_v1\vendor\codeigniter4\framework\system\CodeIgniter.php(914): App\Controllers\Inicio->index()
#5 C:\AppServ\www\web-innomedic_v1\vendor\codeigniter4\framework\system\CodeIgniter.php(400): CodeIgniter\CodeIgniter->runController(Object(App\Controllers\Inicio))
#6 C:\AppServ\www\web-innomedic_v1\vendor\codeigniter4\framework\system\CodeIgniter.php(308): CodeIgniter\CodeIgniter->handleRequest(NULL, Object(Config\Cache), false)
#7 C:\AppServ\www\web-innomedic_v1\index.php(45): CodeIgniter\CodeIgniter->run()
#8 {main}
