CRITICAL - 2020-12-23 10:28:34 --> Object of class PHPMailer\PHPMailer\PHPMailer could not be converted to string
#0 C:\AppServ\www\web-innomedic_v1\app\Views\email\body_empresas.php(52): CodeIgniter\Debug\Exceptions->errorHandler(4096, 'Object of class...', 'C:\\AppServ\\www\\...', 52, Array)
#1 C:\AppServ\www\web-innomedic_v1\vendor\codeigniter4\framework\system\View\View.php(246): include('C:\\AppServ\\www\\...')
#2 C:\AppServ\www\web-innomedic_v1\vendor\codeigniter4\framework\system\Common.php(1119): CodeIgniter\View\View->render('email/body_empr...', Array, true)
#3 C:\AppServ\www\web-innomedic_v1\app\Controllers\Inicio.php(480): view('email/body_empr...', Array)
#4 C:\AppServ\www\web-innomedic_v1\vendor\codeigniter4\framework\system\CodeIgniter.php(918): App\Controllers\Inicio->enviar_process_boquin_email()
#5 C:\AppServ\www\web-innomedic_v1\vendor\codeigniter4\framework\system\CodeIgniter.php(404): CodeIgniter\CodeIgniter->runController(Object(App\Controllers\Inicio))
#6 C:\AppServ\www\web-innomedic_v1\vendor\codeigniter4\framework\system\CodeIgniter.php(312): CodeIgniter\CodeIgniter->handleRequest(NULL, Object(Config\Cache), false)
#7 C:\AppServ\www\web-innomedic_v1\index.php(45): CodeIgniter\CodeIgniter->run()
#8 {main}
CRITICAL - 2020-12-23 10:29:09 --> Object of class PHPMailer\PHPMailer\PHPMailer could not be converted to string
#0 C:\AppServ\www\web-innomedic_v1\app\Views\email\body_empresas.php(52): CodeIgniter\Debug\Exceptions->errorHandler(4096, 'Object of class...', 'C:\\AppServ\\www\\...', 52, Array)
#1 C:\AppServ\www\web-innomedic_v1\vendor\codeigniter4\framework\system\View\View.php(246): include('C:\\AppServ\\www\\...')
#2 C:\AppServ\www\web-innomedic_v1\vendor\codeigniter4\framework\system\Common.php(1119): CodeIgniter\View\View->render('email/body_empr...', Array, true)
#3 C:\AppServ\www\web-innomedic_v1\app\Controllers\Inicio.php(480): view('email/body_empr...', Array)
#4 C:\AppServ\www\web-innomedic_v1\vendor\codeigniter4\framework\system\CodeIgniter.php(918): App\Controllers\Inicio->enviar_process_boquin_email()
#5 C:\AppServ\www\web-innomedic_v1\vendor\codeigniter4\framework\system\CodeIgniter.php(404): CodeIgniter\CodeIgniter->runController(Object(App\Controllers\Inicio))
#6 C:\AppServ\www\web-innomedic_v1\vendor\codeigniter4\framework\system\CodeIgniter.php(312): CodeIgniter\CodeIgniter->handleRequest(NULL, Object(Config\Cache), false)
#7 C:\AppServ\www\web-innomedic_v1\index.php(45): CodeIgniter\CodeIgniter->run()
#8 {main}
CRITICAL - 2020-12-23 10:40:09 --> Undefined variable: mail
#0 C:\AppServ\www\web-innomedic_v1\app\Views\email\body_empresas.php(22): CodeIgniter\Debug\Exceptions->errorHandler(8, 'Undefined varia...', 'C:\\AppServ\\www\\...', 22, Array)
#1 C:\AppServ\www\web-innomedic_v1\vendor\codeigniter4\framework\system\View\View.php(246): include('C:\\AppServ\\www\\...')
#2 C:\AppServ\www\web-innomedic_v1\vendor\codeigniter4\framework\system\Common.php(1119): CodeIgniter\View\View->render('email/body_empr...', Array, true)
#3 C:\AppServ\www\web-innomedic_v1\app\Controllers\Inicio.php(480): view('email/body_empr...', Array)
#4 C:\AppServ\www\web-innomedic_v1\vendor\codeigniter4\framework\system\CodeIgniter.php(918): App\Controllers\Inicio->enviar_process_boquin_email()
#5 C:\AppServ\www\web-innomedic_v1\vendor\codeigniter4\framework\system\CodeIgniter.php(404): CodeIgniter\CodeIgniter->runController(Object(App\Controllers\Inicio))
#6 C:\AppServ\www\web-innomedic_v1\vendor\codeigniter4\framework\system\CodeIgniter.php(312): CodeIgniter\CodeIgniter->handleRequest(NULL, Object(Config\Cache), false)
#7 C:\AppServ\www\web-innomedic_v1\index.php(45): CodeIgniter\CodeIgniter->run()
#8 {main}
CRITICAL - 2020-12-23 10:42:30 --> Undefined variable: mail
#0 C:\AppServ\www\web-innomedic_v1\app\Views\email\body_empresas.php(22): CodeIgniter\Debug\Exceptions->errorHandler(8, 'Undefined varia...', 'C:\\AppServ\\www\\...', 22, Array)
#1 C:\AppServ\www\web-innomedic_v1\vendor\codeigniter4\framework\system\View\View.php(246): include('C:\\AppServ\\www\\...')
#2 C:\AppServ\www\web-innomedic_v1\vendor\codeigniter4\framework\system\Common.php(1119): CodeIgniter\View\View->render('email/body_empr...', Array, true)
#3 C:\AppServ\www\web-innomedic_v1\app\Controllers\Inicio.php(480): view('email/body_empr...', Array)
#4 C:\AppServ\www\web-innomedic_v1\vendor\codeigniter4\framework\system\CodeIgniter.php(918): App\Controllers\Inicio->enviar_process_boquin_email()
#5 C:\AppServ\www\web-innomedic_v1\vendor\codeigniter4\framework\system\CodeIgniter.php(404): CodeIgniter\CodeIgniter->runController(Object(App\Controllers\Inicio))
#6 C:\AppServ\www\web-innomedic_v1\vendor\codeigniter4\framework\system\CodeIgniter.php(312): CodeIgniter\CodeIgniter->handleRequest(NULL, Object(Config\Cache), false)
#7 C:\AppServ\www\web-innomedic_v1\index.php(45): CodeIgniter\CodeIgniter->run()
#8 {main}
CRITICAL - 2020-12-23 10:44:26 --> Undefined variable: mail
#0 C:\AppServ\www\web-innomedic_v1\app\Views\email\body_empresas.php(22): CodeIgniter\Debug\Exceptions->errorHandler(8, 'Undefined varia...', 'C:\\AppServ\\www\\...', 22, Array)
#1 C:\AppServ\www\web-innomedic_v1\vendor\codeigniter4\framework\system\View\View.php(246): include('C:\\AppServ\\www\\...')
#2 C:\AppServ\www\web-innomedic_v1\vendor\codeigniter4\framework\system\Common.php(1119): CodeIgniter\View\View->render('email/body_empr...', Array, true)
#3 C:\AppServ\www\web-innomedic_v1\app\Controllers\Inicio.php(480): view('email/body_empr...', Array)
#4 C:\AppServ\www\web-innomedic_v1\vendor\codeigniter4\framework\system\CodeIgniter.php(918): App\Controllers\Inicio->enviar_process_boquin_email()
#5 C:\AppServ\www\web-innomedic_v1\vendor\codeigniter4\framework\system\CodeIgniter.php(404): CodeIgniter\CodeIgniter->runController(Object(App\Controllers\Inicio))
#6 C:\AppServ\www\web-innomedic_v1\vendor\codeigniter4\framework\system\CodeIgniter.php(312): CodeIgniter\CodeIgniter->handleRequest(NULL, Object(Config\Cache), false)
#7 C:\AppServ\www\web-innomedic_v1\index.php(45): CodeIgniter\CodeIgniter->run()
#8 {main}
CRITICAL - 2020-12-23 10:45:13 --> Undefined variable: mail
#0 C:\AppServ\www\web-innomedic_v1\app\Views\email\body_empresas.php(22): CodeIgniter\Debug\Exceptions->errorHandler(8, 'Undefined varia...', 'C:\\AppServ\\www\\...', 22, Array)
#1 C:\AppServ\www\web-innomedic_v1\vendor\codeigniter4\framework\system\View\View.php(246): include('C:\\AppServ\\www\\...')
#2 C:\AppServ\www\web-innomedic_v1\vendor\codeigniter4\framework\system\Common.php(1119): CodeIgniter\View\View->render('email/body_empr...', Array, true)
#3 C:\AppServ\www\web-innomedic_v1\app\Controllers\Inicio.php(480): view('email/body_empr...', Array)
#4 C:\AppServ\www\web-innomedic_v1\vendor\codeigniter4\framework\system\CodeIgniter.php(918): App\Controllers\Inicio->enviar_process_boquin_email()
#5 C:\AppServ\www\web-innomedic_v1\vendor\codeigniter4\framework\system\CodeIgniter.php(404): CodeIgniter\CodeIgniter->runController(Object(App\Controllers\Inicio))
#6 C:\AppServ\www\web-innomedic_v1\vendor\codeigniter4\framework\system\CodeIgniter.php(312): CodeIgniter\CodeIgniter->handleRequest(NULL, Object(Config\Cache), false)
#7 C:\AppServ\www\web-innomedic_v1\index.php(45): CodeIgniter\CodeIgniter->run()
#8 {main}
CRITICAL - 2020-12-23 10:45:47 --> Undefined variable: mail
#0 C:\AppServ\www\web-innomedic_v1\app\Views\email\body_empresas.php(22): CodeIgniter\Debug\Exceptions->errorHandler(8, 'Undefined varia...', 'C:\\AppServ\\www\\...', 22, Array)
#1 C:\AppServ\www\web-innomedic_v1\vendor\codeigniter4\framework\system\View\View.php(246): include('C:\\AppServ\\www\\...')
#2 C:\AppServ\www\web-innomedic_v1\vendor\codeigniter4\framework\system\Common.php(1119): CodeIgniter\View\View->render('email/body_empr...', Array, true)
#3 C:\AppServ\www\web-innomedic_v1\app\Controllers\Inicio.php(480): view('email/body_empr...', Array)
#4 C:\AppServ\www\web-innomedic_v1\vendor\codeigniter4\framework\system\CodeIgniter.php(918): App\Controllers\Inicio->enviar_process_boquin_email()
#5 C:\AppServ\www\web-innomedic_v1\vendor\codeigniter4\framework\system\CodeIgniter.php(404): CodeIgniter\CodeIgniter->runController(Object(App\Controllers\Inicio))
#6 C:\AppServ\www\web-innomedic_v1\vendor\codeigniter4\framework\system\CodeIgniter.php(312): CodeIgniter\CodeIgniter->handleRequest(NULL, Object(Config\Cache), false)
#7 C:\AppServ\www\web-innomedic_v1\index.php(45): CodeIgniter\CodeIgniter->run()
#8 {main}
CRITICAL - 2020-12-23 10:47:39 --> Undefined variable: mail
#0 C:\AppServ\www\web-innomedic_v1\app\Views\email\body_empresas.php(22): CodeIgniter\Debug\Exceptions->errorHandler(8, 'Undefined varia...', 'C:\\AppServ\\www\\...', 22, Array)
#1 C:\AppServ\www\web-innomedic_v1\vendor\codeigniter4\framework\system\View\View.php(246): include('C:\\AppServ\\www\\...')
#2 C:\AppServ\www\web-innomedic_v1\vendor\codeigniter4\framework\system\Common.php(1119): CodeIgniter\View\View->render('email/body_empr...', Array, true)
#3 C:\AppServ\www\web-innomedic_v1\app\Controllers\Inicio.php(480): view('email/body_empr...', Array)
#4 C:\AppServ\www\web-innomedic_v1\vendor\codeigniter4\framework\system\CodeIgniter.php(918): App\Controllers\Inicio->enviar_process_boquin_email()
#5 C:\AppServ\www\web-innomedic_v1\vendor\codeigniter4\framework\system\CodeIgniter.php(404): CodeIgniter\CodeIgniter->runController(Object(App\Controllers\Inicio))
#6 C:\AppServ\www\web-innomedic_v1\vendor\codeigniter4\framework\system\CodeIgniter.php(312): CodeIgniter\CodeIgniter->handleRequest(NULL, Object(Config\Cache), false)
#7 C:\AppServ\www\web-innomedic_v1\index.php(45): CodeIgniter\CodeIgniter->run()
#8 {main}
CRITICAL - 2020-12-23 11:12:10 --> Undefined variable: mail
#0 C:\AppServ\www\web-innomedic_v1\app\Views\email\body_empresas.php(22): CodeIgniter\Debug\Exceptions->errorHandler(8, 'Undefined varia...', 'C:\\AppServ\\www\\...', 22, Array)
#1 C:\AppServ\www\web-innomedic_v1\vendor\codeigniter4\framework\system\View\View.php(246): include('C:\\AppServ\\www\\...')
#2 C:\AppServ\www\web-innomedic_v1\vendor\codeigniter4\framework\system\Common.php(1119): CodeIgniter\View\View->render('email/body_empr...', Array, true)
#3 C:\AppServ\www\web-innomedic_v1\app\Controllers\Inicio.php(480): view('email/body_empr...', Array)
#4 C:\AppServ\www\web-innomedic_v1\vendor\codeigniter4\framework\system\CodeIgniter.php(918): App\Controllers\Inicio->enviar_process_boquin_email()
#5 C:\AppServ\www\web-innomedic_v1\vendor\codeigniter4\framework\system\CodeIgniter.php(404): CodeIgniter\CodeIgniter->runController(Object(App\Controllers\Inicio))
#6 C:\AppServ\www\web-innomedic_v1\vendor\codeigniter4\framework\system\CodeIgniter.php(312): CodeIgniter\CodeIgniter->handleRequest(NULL, Object(Config\Cache), false)
#7 C:\AppServ\www\web-innomedic_v1\index.php(45): CodeIgniter\CodeIgniter->run()
#8 {main}
CRITICAL - 2020-12-23 11:16:54 --> Object of class PHPMailer\PHPMailer\PHPMailer could not be converted to string
#0 C:\AppServ\www\web-innomedic_v1\app\Views\email\body_empresas.php(52): CodeIgniter\Debug\Exceptions->errorHandler(4096, 'Object of class...', 'C:\\AppServ\\www\\...', 52, Array)
#1 C:\AppServ\www\web-innomedic_v1\vendor\codeigniter4\framework\system\View\View.php(246): include('C:\\AppServ\\www\\...')
#2 C:\AppServ\www\web-innomedic_v1\vendor\codeigniter4\framework\system\Common.php(1119): CodeIgniter\View\View->render('email/body_empr...', Array, true)
#3 C:\AppServ\www\web-innomedic_v1\app\Controllers\Inicio.php(480): view('email/body_empr...', Array)
#4 C:\AppServ\www\web-innomedic_v1\vendor\codeigniter4\framework\system\CodeIgniter.php(918): App\Controllers\Inicio->enviar_process_boquin_email()
#5 C:\AppServ\www\web-innomedic_v1\vendor\codeigniter4\framework\system\CodeIgniter.php(404): CodeIgniter\CodeIgniter->runController(Object(App\Controllers\Inicio))
#6 C:\AppServ\www\web-innomedic_v1\vendor\codeigniter4\framework\system\CodeIgniter.php(312): CodeIgniter\CodeIgniter->handleRequest(NULL, Object(Config\Cache), false)
#7 C:\AppServ\www\web-innomedic_v1\index.php(45): CodeIgniter\CodeIgniter->run()
#8 {main}
CRITICAL - 2020-12-23 13:56:37 --> Invalid file: email/header.php
#0 C:\AppServ\www\web-innomedic_v1\vendor\codeigniter4\framework\system\View\View.php(228): CodeIgniter\Exceptions\FrameworkException::forInvalidFile('email/header.ph...')
#1 C:\AppServ\www\web-innomedic_v1\vendor\codeigniter4\framework\system\Common.php(1119): CodeIgniter\View\View->render('email/header', Array, true)
#2 C:\AppServ\www\web-innomedic_v1\app\Controllers\Inicio.php(351): view('email/header')
#3 C:\AppServ\www\web-innomedic_v1\vendor\codeigniter4\framework\system\CodeIgniter.php(918): App\Controllers\Inicio->enviar_datos_mailer_phone()
#4 C:\AppServ\www\web-innomedic_v1\vendor\codeigniter4\framework\system\CodeIgniter.php(404): CodeIgniter\CodeIgniter->runController(Object(App\Controllers\Inicio))
#5 C:\AppServ\www\web-innomedic_v1\vendor\codeigniter4\framework\system\CodeIgniter.php(312): CodeIgniter\CodeIgniter->handleRequest(NULL, Object(Config\Cache), false)
#6 C:\AppServ\www\web-innomedic_v1\index.php(45): CodeIgniter\CodeIgniter->run()
#7 {main}
CRITICAL - 2020-12-23 14:04:36 --> Invalid file: email/header.php
#0 C:\AppServ\www\web-innomedic_v1\vendor\codeigniter4\framework\system\View\View.php(228): CodeIgniter\Exceptions\FrameworkException::forInvalidFile('email/header.ph...')
#1 C:\AppServ\www\web-innomedic_v1\vendor\codeigniter4\framework\system\Common.php(1119): CodeIgniter\View\View->render('email/header', Array, true)
#2 C:\AppServ\www\web-innomedic_v1\app\Controllers\Inicio.php(351): view('email/header')
#3 C:\AppServ\www\web-innomedic_v1\vendor\codeigniter4\framework\system\CodeIgniter.php(918): App\Controllers\Inicio->enviar_datos_mailer_phone()
#4 C:\AppServ\www\web-innomedic_v1\vendor\codeigniter4\framework\system\CodeIgniter.php(404): CodeIgniter\CodeIgniter->runController(Object(App\Controllers\Inicio))
#5 C:\AppServ\www\web-innomedic_v1\vendor\codeigniter4\framework\system\CodeIgniter.php(312): CodeIgniter\CodeIgniter->handleRequest(NULL, Object(Config\Cache), false)
#6 C:\AppServ\www\web-innomedic_v1\index.php(45): CodeIgniter\CodeIgniter->run()
#7 {main}
CRITICAL - 2020-12-23 14:08:32 --> Invalid file: email/header.php
#0 C:\AppServ\www\web-innomedic_v1\vendor\codeigniter4\framework\system\View\View.php(228): CodeIgniter\Exceptions\FrameworkException::forInvalidFile('email/header.ph...')
#1 C:\AppServ\www\web-innomedic_v1\vendor\codeigniter4\framework\system\Common.php(1119): CodeIgniter\View\View->render('email/header', Array, true)
#2 C:\AppServ\www\web-innomedic_v1\app\Controllers\Inicio.php(351): view('email/header')
#3 C:\AppServ\www\web-innomedic_v1\vendor\codeigniter4\framework\system\CodeIgniter.php(918): App\Controllers\Inicio->enviar_datos_mailer_phone()
#4 C:\AppServ\www\web-innomedic_v1\vendor\codeigniter4\framework\system\CodeIgniter.php(404): CodeIgniter\CodeIgniter->runController(Object(App\Controllers\Inicio))
#5 C:\AppServ\www\web-innomedic_v1\vendor\codeigniter4\framework\system\CodeIgniter.php(312): CodeIgniter\CodeIgniter->handleRequest(NULL, Object(Config\Cache), false)
#6 C:\AppServ\www\web-innomedic_v1\index.php(45): CodeIgniter\CodeIgniter->run()
#7 {main}
CRITICAL - 2020-12-23 14:33:18 --> Undefined variable: nombre_paquete
#0 C:\AppServ\www\web-innomedic_v1\app\Views\email\body.php(38): CodeIgniter\Debug\Exceptions->errorHandler(8, 'Undefined varia...', 'C:\\AppServ\\www\\...', 38, Array)
#1 C:\AppServ\www\web-innomedic_v1\vendor\codeigniter4\framework\system\View\View.php(246): include('C:\\AppServ\\www\\...')
#2 C:\AppServ\www\web-innomedic_v1\vendor\codeigniter4\framework\system\Common.php(1119): CodeIgniter\View\View->render('email/body', Array, true)
#3 C:\AppServ\www\web-innomedic_v1\app\Controllers\Inicio.php(370): view('email/body', Array)
#4 C:\AppServ\www\web-innomedic_v1\vendor\codeigniter4\framework\system\CodeIgniter.php(918): App\Controllers\Inicio->enviar_process_boquin_email()
#5 C:\AppServ\www\web-innomedic_v1\vendor\codeigniter4\framework\system\CodeIgniter.php(404): CodeIgniter\CodeIgniter->runController(Object(App\Controllers\Inicio))
#6 C:\AppServ\www\web-innomedic_v1\vendor\codeigniter4\framework\system\CodeIgniter.php(312): CodeIgniter\CodeIgniter->handleRequest(NULL, Object(Config\Cache), false)
#7 C:\AppServ\www\web-innomedic_v1\index.php(45): CodeIgniter\CodeIgniter->run()
#8 {main}
