CRITICAL - 2020-07-10 10:47:38 --> Class 'App\Controllers\Blog' not found
#0 C:\AppServ\www\web-innomedic_v1\vendor\codeigniter4\framework\system\CodeIgniter.php(914): App\Controllers\Inicio->detalles_blog()
#1 C:\AppServ\www\web-innomedic_v1\vendor\codeigniter4\framework\system\CodeIgniter.php(400): CodeIgniter\CodeIgniter->runController(Object(App\Controllers\Inicio))
#2 C:\AppServ\www\web-innomedic_v1\vendor\codeigniter4\framework\system\CodeIgniter.php(308): CodeIgniter\CodeIgniter->handleRequest(NULL, Object(Config\Cache), false)
#3 C:\AppServ\www\web-innomedic_v1\index.php(45): CodeIgniter\CodeIgniter->run()
#4 {main}
CRITICAL - 2020-07-10 11:08:37 --> Class 'App\Controllers\Blog' not found
#0 C:\AppServ\www\web-innomedic_v1\vendor\codeigniter4\framework\system\CodeIgniter.php(914): App\Controllers\Inicio->detalles_blog()
#1 C:\AppServ\www\web-innomedic_v1\vendor\codeigniter4\framework\system\CodeIgniter.php(400): CodeIgniter\CodeIgniter->runController(Object(App\Controllers\Inicio))
#2 C:\AppServ\www\web-innomedic_v1\vendor\codeigniter4\framework\system\CodeIgniter.php(308): CodeIgniter\CodeIgniter->handleRequest(NULL, Object(Config\Cache), false)
#3 C:\AppServ\www\web-innomedic_v1\index.php(45): CodeIgniter\CodeIgniter->run()
#4 {main}
CRITICAL - 2020-07-10 11:09:01 --> Undefined variable: list_employe
#0 C:\AppServ\www\web-innomedic_v1\app\Views\diseno\head.php(73): CodeIgniter\Debug\Exceptions->errorHandler(8, 'Undefined varia...', 'C:\\AppServ\\www\\...', 73, Array)
#1 C:\AppServ\www\web-innomedic_v1\vendor\codeigniter4\framework\system\View\View.php(246): include('C:\\AppServ\\www\\...')
#2 C:\AppServ\www\web-innomedic_v1\vendor\codeigniter4\framework\system\Common.php(1087): CodeIgniter\View\View->render('diseno/head', Array, true)
#3 C:\AppServ\www\web-innomedic_v1\app\Controllers\Inicio.php(545): view('diseno/head', Array)
#4 C:\AppServ\www\web-innomedic_v1\vendor\codeigniter4\framework\system\CodeIgniter.php(914): App\Controllers\Inicio->detalles_blog()
#5 C:\AppServ\www\web-innomedic_v1\vendor\codeigniter4\framework\system\CodeIgniter.php(400): CodeIgniter\CodeIgniter->runController(Object(App\Controllers\Inicio))
#6 C:\AppServ\www\web-innomedic_v1\vendor\codeigniter4\framework\system\CodeIgniter.php(308): CodeIgniter\CodeIgniter->handleRequest(NULL, Object(Config\Cache), false)
#7 C:\AppServ\www\web-innomedic_v1\index.php(45): CodeIgniter\CodeIgniter->run()
#8 {main}
CRITICAL - 2020-07-10 11:09:17 --> Undefined variable: list_employe
#0 C:\AppServ\www\web-innomedic_v1\app\Views\diseno\head.php(73): CodeIgniter\Debug\Exceptions->errorHandler(8, 'Undefined varia...', 'C:\\AppServ\\www\\...', 73, Array)
#1 C:\AppServ\www\web-innomedic_v1\vendor\codeigniter4\framework\system\View\View.php(246): include('C:\\AppServ\\www\\...')
#2 C:\AppServ\www\web-innomedic_v1\vendor\codeigniter4\framework\system\Common.php(1087): CodeIgniter\View\View->render('diseno/head', Array, true)
#3 C:\AppServ\www\web-innomedic_v1\app\Controllers\Inicio.php(545): view('diseno/head', Array)
#4 C:\AppServ\www\web-innomedic_v1\vendor\codeigniter4\framework\system\CodeIgniter.php(914): App\Controllers\Inicio->detalles_blog()
#5 C:\AppServ\www\web-innomedic_v1\vendor\codeigniter4\framework\system\CodeIgniter.php(400): CodeIgniter\CodeIgniter->runController(Object(App\Controllers\Inicio))
#6 C:\AppServ\www\web-innomedic_v1\vendor\codeigniter4\framework\system\CodeIgniter.php(308): CodeIgniter\CodeIgniter->handleRequest(NULL, Object(Config\Cache), false)
#7 C:\AppServ\www\web-innomedic_v1\index.php(45): CodeIgniter\CodeIgniter->run()
#8 {main}
CRITICAL - 2020-07-10 11:10:40 --> Undefined variable: lista_employes_data
#0 C:\AppServ\www\web-innomedic_v1\app\Views\diseno\footer.php(25): CodeIgniter\Debug\Exceptions->errorHandler(8, 'Undefined varia...', 'C:\\AppServ\\www\\...', 25, Array)
#1 C:\AppServ\www\web-innomedic_v1\vendor\codeigniter4\framework\system\View\View.php(246): include('C:\\AppServ\\www\\...')
#2 C:\AppServ\www\web-innomedic_v1\vendor\codeigniter4\framework\system\Common.php(1087): CodeIgniter\View\View->render('diseno/footer', Array, true)
#3 C:\AppServ\www\web-innomedic_v1\app\Controllers\Inicio.php(545): view('diseno/footer', Array)
#4 C:\AppServ\www\web-innomedic_v1\vendor\codeigniter4\framework\system\CodeIgniter.php(914): App\Controllers\Inicio->detalles_blog()
#5 C:\AppServ\www\web-innomedic_v1\vendor\codeigniter4\framework\system\CodeIgniter.php(400): CodeIgniter\CodeIgniter->runController(Object(App\Controllers\Inicio))
#6 C:\AppServ\www\web-innomedic_v1\vendor\codeigniter4\framework\system\CodeIgniter.php(308): CodeIgniter\CodeIgniter->handleRequest(NULL, Object(Config\Cache), false)
#7 C:\AppServ\www\web-innomedic_v1\index.php(45): CodeIgniter\CodeIgniter->run()
#8 {main}
