CRITICAL - 2020-12-21 07:42:47 --> Invalid file: email/header.php
#0 C:\AppServ\www\web-innomedic_v1\vendor\codeigniter4\framework\system\View\View.php(228): CodeIgniter\Exceptions\FrameworkException::forInvalidFile('email/header.ph...')
#1 C:\AppServ\www\web-innomedic_v1\vendor\codeigniter4\framework\system\Common.php(1119): CodeIgniter\View\View->render('email/header', Array, true)
#2 C:\AppServ\www\web-innomedic_v1\app\Controllers\Inicio.php(351): view('email/header')
#3 C:\AppServ\www\web-innomedic_v1\vendor\codeigniter4\framework\system\CodeIgniter.php(918): App\Controllers\Inicio->enviar_datos_mailer_phone()
#4 C:\AppServ\www\web-innomedic_v1\vendor\codeigniter4\framework\system\CodeIgniter.php(404): CodeIgniter\CodeIgniter->runController(Object(App\Controllers\Inicio))
#5 C:\AppServ\www\web-innomedic_v1\vendor\codeigniter4\framework\system\CodeIgniter.php(312): CodeIgniter\CodeIgniter->handleRequest(NULL, Object(Config\Cache), false)
#6 C:\AppServ\www\web-innomedic_v1\index.php(45): CodeIgniter\CodeIgniter->run()
#7 {main}
CRITICAL - 2020-12-21 07:45:21 --> Invalid file: email/header.php
#0 C:\AppServ\www\web-innomedic_v1\vendor\codeigniter4\framework\system\View\View.php(228): CodeIgniter\Exceptions\FrameworkException::forInvalidFile('email/header.ph...')
#1 C:\AppServ\www\web-innomedic_v1\vendor\codeigniter4\framework\system\Common.php(1119): CodeIgniter\View\View->render('email/header', Array, true)
#2 C:\AppServ\www\web-innomedic_v1\app\Controllers\Inicio.php(351): view('email/header')
#3 C:\AppServ\www\web-innomedic_v1\vendor\codeigniter4\framework\system\CodeIgniter.php(918): App\Controllers\Inicio->enviar_datos_mailer_phone()
#4 C:\AppServ\www\web-innomedic_v1\vendor\codeigniter4\framework\system\CodeIgniter.php(404): CodeIgniter\CodeIgniter->runController(Object(App\Controllers\Inicio))
#5 C:\AppServ\www\web-innomedic_v1\vendor\codeigniter4\framework\system\CodeIgniter.php(312): CodeIgniter\CodeIgniter->handleRequest(NULL, Object(Config\Cache), false)
#6 C:\AppServ\www\web-innomedic_v1\index.php(45): CodeIgniter\CodeIgniter->run()
#7 {main}
CRITICAL - 2020-12-21 10:18:25 --> Invalid file: email/header.php
#0 C:\AppServ\www\web-innomedic_v1\vendor\codeigniter4\framework\system\View\View.php(228): CodeIgniter\Exceptions\FrameworkException::forInvalidFile('email/header.ph...')
#1 C:\AppServ\www\web-innomedic_v1\vendor\codeigniter4\framework\system\Common.php(1119): CodeIgniter\View\View->render('email/header', Array, true)
#2 C:\AppServ\www\web-innomedic_v1\app\Controllers\Inicio.php(495): view('email/header')
#3 C:\AppServ\www\web-innomedic_v1\vendor\codeigniter4\framework\system\CodeIgniter.php(918): App\Controllers\Inicio->enviar_process_boquin_email()
#4 C:\AppServ\www\web-innomedic_v1\vendor\codeigniter4\framework\system\CodeIgniter.php(404): CodeIgniter\CodeIgniter->runController(Object(App\Controllers\Inicio))
#5 C:\AppServ\www\web-innomedic_v1\vendor\codeigniter4\framework\system\CodeIgniter.php(312): CodeIgniter\CodeIgniter->handleRequest(NULL, Object(Config\Cache), false)
#6 C:\AppServ\www\web-innomedic_v1\index.php(45): CodeIgniter\CodeIgniter->run()
#7 {main}
CRITICAL - 2020-12-21 10:21:39 --> Invalid file: email/header.php
#0 C:\AppServ\www\web-innomedic_v1\vendor\codeigniter4\framework\system\View\View.php(228): CodeIgniter\Exceptions\FrameworkException::forInvalidFile('email/header.ph...')
#1 C:\AppServ\www\web-innomedic_v1\vendor\codeigniter4\framework\system\Common.php(1119): CodeIgniter\View\View->render('email/header', Array, true)
#2 C:\AppServ\www\web-innomedic_v1\app\Controllers\Inicio.php(495): view('email/header')
#3 C:\AppServ\www\web-innomedic_v1\vendor\codeigniter4\framework\system\CodeIgniter.php(918): App\Controllers\Inicio->enviar_process_boquin_email()
#4 C:\AppServ\www\web-innomedic_v1\vendor\codeigniter4\framework\system\CodeIgniter.php(404): CodeIgniter\CodeIgniter->runController(Object(App\Controllers\Inicio))
#5 C:\AppServ\www\web-innomedic_v1\vendor\codeigniter4\framework\system\CodeIgniter.php(312): CodeIgniter\CodeIgniter->handleRequest(NULL, Object(Config\Cache), false)
#6 C:\AppServ\www\web-innomedic_v1\index.php(45): CodeIgniter\CodeIgniter->run()
#7 {main}
CRITICAL - 2020-12-21 10:22:23 --> Invalid file: email/header.php
#0 C:\AppServ\www\web-innomedic_v1\vendor\codeigniter4\framework\system\View\View.php(228): CodeIgniter\Exceptions\FrameworkException::forInvalidFile('email/header.ph...')
#1 C:\AppServ\www\web-innomedic_v1\vendor\codeigniter4\framework\system\Common.php(1119): CodeIgniter\View\View->render('email/header', Array, true)
#2 C:\AppServ\www\web-innomedic_v1\app\Controllers\Inicio.php(495): view('email/header')
#3 C:\AppServ\www\web-innomedic_v1\vendor\codeigniter4\framework\system\CodeIgniter.php(918): App\Controllers\Inicio->enviar_process_boquin_email()
#4 C:\AppServ\www\web-innomedic_v1\vendor\codeigniter4\framework\system\CodeIgniter.php(404): CodeIgniter\CodeIgniter->runController(Object(App\Controllers\Inicio))
#5 C:\AppServ\www\web-innomedic_v1\vendor\codeigniter4\framework\system\CodeIgniter.php(312): CodeIgniter\CodeIgniter->handleRequest(NULL, Object(Config\Cache), false)
#6 C:\AppServ\www\web-innomedic_v1\index.php(45): CodeIgniter\CodeIgniter->run()
#7 {main}
CRITICAL - 2020-12-21 10:33:18 --> Invalid file: email/header.php
#0 C:\AppServ\www\web-innomedic_v1\vendor\codeigniter4\framework\system\View\View.php(228): CodeIgniter\Exceptions\FrameworkException::forInvalidFile('email/header.ph...')
#1 C:\AppServ\www\web-innomedic_v1\vendor\codeigniter4\framework\system\Common.php(1119): CodeIgniter\View\View->render('email/header', Array, true)
#2 C:\AppServ\www\web-innomedic_v1\app\Controllers\Inicio.php(461): view('email/header')
#3 C:\AppServ\www\web-innomedic_v1\vendor\codeigniter4\framework\system\CodeIgniter.php(918): App\Controllers\Inicio->enviar_process_boquin_email()
#4 C:\AppServ\www\web-innomedic_v1\vendor\codeigniter4\framework\system\CodeIgniter.php(404): CodeIgniter\CodeIgniter->runController(Object(App\Controllers\Inicio))
#5 C:\AppServ\www\web-innomedic_v1\vendor\codeigniter4\framework\system\CodeIgniter.php(312): CodeIgniter\CodeIgniter->handleRequest(NULL, Object(Config\Cache), false)
#6 C:\AppServ\www\web-innomedic_v1\index.php(45): CodeIgniter\CodeIgniter->run()
#7 {main}
CRITICAL - 2020-12-21 10:36:53 --> Invalid file: email/header.php
#0 C:\AppServ\www\web-innomedic_v1\vendor\codeigniter4\framework\system\View\View.php(228): CodeIgniter\Exceptions\FrameworkException::forInvalidFile('email/header.ph...')
#1 C:\AppServ\www\web-innomedic_v1\vendor\codeigniter4\framework\system\Common.php(1119): CodeIgniter\View\View->render('email/header', Array, true)
#2 C:\AppServ\www\web-innomedic_v1\app\Controllers\Inicio.php(461): view('email/header')
#3 C:\AppServ\www\web-innomedic_v1\vendor\codeigniter4\framework\system\CodeIgniter.php(918): App\Controllers\Inicio->enviar_process_boquin_email()
#4 C:\AppServ\www\web-innomedic_v1\vendor\codeigniter4\framework\system\CodeIgniter.php(404): CodeIgniter\CodeIgniter->runController(Object(App\Controllers\Inicio))
#5 C:\AppServ\www\web-innomedic_v1\vendor\codeigniter4\framework\system\CodeIgniter.php(312): CodeIgniter\CodeIgniter->handleRequest(NULL, Object(Config\Cache), false)
#6 C:\AppServ\www\web-innomedic_v1\index.php(45): CodeIgniter\CodeIgniter->run()
#7 {main}
CRITICAL - 2020-12-21 11:16:58 --> Object of class PHPMailer\PHPMailer\PHPMailer could not be converted to string
#0 C:\AppServ\www\web-innomedic_v1\app\Views\email\body_empresas.php(52): CodeIgniter\Debug\Exceptions->errorHandler(4096, 'Object of class...', 'C:\\AppServ\\www\\...', 52, Array)
#1 C:\AppServ\www\web-innomedic_v1\vendor\codeigniter4\framework\system\View\View.php(246): include('C:\\AppServ\\www\\...')
#2 C:\AppServ\www\web-innomedic_v1\vendor\codeigniter4\framework\system\Common.php(1119): CodeIgniter\View\View->render('email/body_empr...', Array, true)
#3 C:\AppServ\www\web-innomedic_v1\app\Controllers\Inicio.php(438): view('email/body_empr...', Array)
#4 C:\AppServ\www\web-innomedic_v1\vendor\codeigniter4\framework\system\CodeIgniter.php(918): App\Controllers\Inicio->enviar_process_boquin_email()
#5 C:\AppServ\www\web-innomedic_v1\vendor\codeigniter4\framework\system\CodeIgniter.php(404): CodeIgniter\CodeIgniter->runController(Object(App\Controllers\Inicio))
#6 C:\AppServ\www\web-innomedic_v1\vendor\codeigniter4\framework\system\CodeIgniter.php(312): CodeIgniter\CodeIgniter->handleRequest(NULL, Object(Config\Cache), false)
#7 C:\AppServ\www\web-innomedic_v1\index.php(45): CodeIgniter\CodeIgniter->run()
#8 {main}
CRITICAL - 2020-12-21 11:17:43 --> Object of class PHPMailer\PHPMailer\PHPMailer could not be converted to string
#0 C:\AppServ\www\web-innomedic_v1\app\Views\email\body_empresas.php(52): CodeIgniter\Debug\Exceptions->errorHandler(4096, 'Object of class...', 'C:\\AppServ\\www\\...', 52, Array)
#1 C:\AppServ\www\web-innomedic_v1\vendor\codeigniter4\framework\system\View\View.php(246): include('C:\\AppServ\\www\\...')
#2 C:\AppServ\www\web-innomedic_v1\vendor\codeigniter4\framework\system\Common.php(1119): CodeIgniter\View\View->render('email/body_empr...', Array, true)
#3 C:\AppServ\www\web-innomedic_v1\app\Controllers\Inicio.php(438): view('email/body_empr...', Array)
#4 C:\AppServ\www\web-innomedic_v1\vendor\codeigniter4\framework\system\CodeIgniter.php(918): App\Controllers\Inicio->enviar_process_boquin_email()
#5 C:\AppServ\www\web-innomedic_v1\vendor\codeigniter4\framework\system\CodeIgniter.php(404): CodeIgniter\CodeIgniter->runController(Object(App\Controllers\Inicio))
#6 C:\AppServ\www\web-innomedic_v1\vendor\codeigniter4\framework\system\CodeIgniter.php(312): CodeIgniter\CodeIgniter->handleRequest(NULL, Object(Config\Cache), false)
#7 C:\AppServ\www\web-innomedic_v1\index.php(45): CodeIgniter\CodeIgniter->run()
#8 {main}
CRITICAL - 2020-12-21 11:23:03 --> Object of class PHPMailer\PHPMailer\PHPMailer could not be converted to string
#0 C:\AppServ\www\web-innomedic_v1\app\Views\email\body_empresas.php(52): CodeIgniter\Debug\Exceptions->errorHandler(4096, 'Object of class...', 'C:\\AppServ\\www\\...', 52, Array)
#1 C:\AppServ\www\web-innomedic_v1\vendor\codeigniter4\framework\system\View\View.php(246): include('C:\\AppServ\\www\\...')
#2 C:\AppServ\www\web-innomedic_v1\vendor\codeigniter4\framework\system\Common.php(1119): CodeIgniter\View\View->render('email/body_empr...', Array, true)
#3 C:\AppServ\www\web-innomedic_v1\app\Controllers\Inicio.php(476): view('email/body_empr...', Array)
#4 C:\AppServ\www\web-innomedic_v1\vendor\codeigniter4\framework\system\CodeIgniter.php(918): App\Controllers\Inicio->enviar_process_boquin_email()
#5 C:\AppServ\www\web-innomedic_v1\vendor\codeigniter4\framework\system\CodeIgniter.php(404): CodeIgniter\CodeIgniter->runController(Object(App\Controllers\Inicio))
#6 C:\AppServ\www\web-innomedic_v1\vendor\codeigniter4\framework\system\CodeIgniter.php(312): CodeIgniter\CodeIgniter->handleRequest(NULL, Object(Config\Cache), false)
#7 C:\AppServ\www\web-innomedic_v1\index.php(45): CodeIgniter\CodeIgniter->run()
#8 {main}
CRITICAL - 2020-12-21 11:24:46 --> Object of class PHPMailer\PHPMailer\PHPMailer could not be converted to string
#0 C:\AppServ\www\web-innomedic_v1\app\Views\email\body_empresas.php(52): CodeIgniter\Debug\Exceptions->errorHandler(4096, 'Object of class...', 'C:\\AppServ\\www\\...', 52, Array)
#1 C:\AppServ\www\web-innomedic_v1\vendor\codeigniter4\framework\system\View\View.php(246): include('C:\\AppServ\\www\\...')
#2 C:\AppServ\www\web-innomedic_v1\vendor\codeigniter4\framework\system\Common.php(1119): CodeIgniter\View\View->render('email/body_empr...', Array, true)
#3 C:\AppServ\www\web-innomedic_v1\app\Controllers\Inicio.php(477): view('email/body_empr...', Array)
#4 C:\AppServ\www\web-innomedic_v1\vendor\codeigniter4\framework\system\CodeIgniter.php(918): App\Controllers\Inicio->enviar_process_boquin_email()
#5 C:\AppServ\www\web-innomedic_v1\vendor\codeigniter4\framework\system\CodeIgniter.php(404): CodeIgniter\CodeIgniter->runController(Object(App\Controllers\Inicio))
#6 C:\AppServ\www\web-innomedic_v1\vendor\codeigniter4\framework\system\CodeIgniter.php(312): CodeIgniter\CodeIgniter->handleRequest(NULL, Object(Config\Cache), false)
#7 C:\AppServ\www\web-innomedic_v1\index.php(45): CodeIgniter\CodeIgniter->run()
#8 {main}
CRITICAL - 2020-12-21 11:29:29 --> Object of class PHPMailer\PHPMailer\PHPMailer could not be converted to string
#0 C:\AppServ\www\web-innomedic_v1\app\Views\email\body_empresas.php(52): CodeIgniter\Debug\Exceptions->errorHandler(4096, 'Object of class...', 'C:\\AppServ\\www\\...', 52, Array)
#1 C:\AppServ\www\web-innomedic_v1\vendor\codeigniter4\framework\system\View\View.php(246): include('C:\\AppServ\\www\\...')
#2 C:\AppServ\www\web-innomedic_v1\vendor\codeigniter4\framework\system\Common.php(1119): CodeIgniter\View\View->render('email/body_empr...', Array, true)
#3 C:\AppServ\www\web-innomedic_v1\app\Controllers\Inicio.php(477): view('email/body_empr...', Array)
#4 C:\AppServ\www\web-innomedic_v1\vendor\codeigniter4\framework\system\CodeIgniter.php(918): App\Controllers\Inicio->enviar_process_boquin_email()
#5 C:\AppServ\www\web-innomedic_v1\vendor\codeigniter4\framework\system\CodeIgniter.php(404): CodeIgniter\CodeIgniter->runController(Object(App\Controllers\Inicio))
#6 C:\AppServ\www\web-innomedic_v1\vendor\codeigniter4\framework\system\CodeIgniter.php(312): CodeIgniter\CodeIgniter->handleRequest(NULL, Object(Config\Cache), false)
#7 C:\AppServ\www\web-innomedic_v1\index.php(45): CodeIgniter\CodeIgniter->run()
#8 {main}
